#
# There is insufficient memory for the Java Runtime Environment to continue.
# Native memory allocation (malloc) failed to allocate 1056016 bytes. Error detail: Chunk::new
# Possible reasons:
#   The system is out of physical RAM or swap space
#   This process is running with CompressedOops enabled, and the Java Heap may be blocking the growth of the native heap
# Possible solutions:
#   Reduce memory load on the system
#   Increase physical memory or swap space
#   Check if swap backing store is full
#   Decrease Java heap size (-Xmx/-Xms)
#   Decrease number of Java threads
#   Decrease Java thread stack sizes (-Xss)
#   Set larger code cache with -XX:ReservedCodeCacheSize=
#   JVM is running with Unscaled Compressed Oops mode in which the Java heap is
#     placed in the first 4GB address space. The Java Heap base address is the
#     maximum limit for the native heap growth. Please use -XX:HeapBaseMinAddress
#     to set the Java Heap base and to place the Java Heap above 4GB virtual address.
# This output file may be truncated or incomplete.
#
#  Out of Memory Error (arena.cpp:150), pid=4960, tid=15764
#
# JRE version: Java(TM) SE Runtime Environment (22.0.2+9) (build 22.0.2+9-70)
# Java VM: Java HotSpot(TM) 64-Bit Server VM (22.0.2+9-70, mixed mode, sharing, tiered, compressed oops, compressed class ptrs, g1 gc, windows-amd64)
# No core dump will be written. Minidumps are not enabled by default on client versions of Windows
#

---------------  S U M M A R Y ------------

Command Line: --add-opens=java.base/java.util=ALL-UNNAMED --add-opens=java.base/java.lang=ALL-UNNAMED --add-opens=java.base/java.lang.invoke=ALL-UNNAMED --add-opens=java.prefs/java.util.prefs=ALL-UNNAMED --add-opens=java.base/java.nio.charset=ALL-UNNAMED --add-opens=java.base/java.net=ALL-UNNAMED --add-opens=java.base/java.util.concurrent.atomic=ALL-UNNAMED -Xmx2048m -Dfile.encoding=UTF-8 -Duser.country=US -Duser.language=en -Duser.variant -javaagent:C:\Users\ymytr\.gradle\wrapper\dists\gradle-8.8-bin\dl7vupf4psengwqhwktix4v1\gradle-8.8\lib\agents\gradle-instrumentation-agent-8.8.jar org.gradle.launcher.daemon.bootstrap.GradleDaemon 8.8

Host: Intel(R) Core(TM) i7-1065G7 CPU @ 1.30GHz, 8 cores, 11G,  Windows 11 , 64 bit Build 22621 (10.0.22621.3672)
Time: Mon Aug 12 01:06:59 2024 SE Asia Standard Time elapsed time: 21.849332 seconds (0d 0h 0m 21s)

---------------  T H R E A D  ---------------

Current thread (0x000001dbed6dc020):  JavaThread "C2 CompilerThread1" daemon [_thread_in_native, id=15764, stack(0x0000006832600000,0x0000006832700000) (1024K)]


Current CompileTask:
C2:21849 14799       4       java.lang.reflect.Method::invoke (108 bytes)

Stack: [0x0000006832600000,0x0000006832700000]
Native frames: (J=compiled Java code, j=interpreted, Vv=VM code, C=native code)
V  [jvm.dll+0x6e26e9]  (no source info available)
V  [jvm.dll+0x875753]  (no source info available)
V  [jvm.dll+0x877b7e]  (no source info available)
V  [jvm.dll+0x878253]  (no source info available)
V  [jvm.dll+0x27fc86]  (no source info available)
V  [jvm.dll+0xc3d0f]  (no source info available)
V  [jvm.dll+0xc3f6b]  (no source info available)
V  [jvm.dll+0x3bb47c]  (no source info available)
V  [jvm.dll+0x1df6ae]  (no source info available)
V  [jvm.dll+0x24793c]  (no source info available)
V  [jvm.dll+0x246e9f]  (no source info available)
V  [jvm.dll+0x1c4e80]  (no source info available)
V  [jvm.dll+0x2568f3]  (no source info available)
V  [jvm.dll+0x254baa]  (no source info available)
V  [jvm.dll+0x3f57a6]  (no source info available)
V  [jvm.dll+0x81dc0b]  (no source info available)
V  [jvm.dll+0x6e0d85]  (no source info available)
C  [ucrtbase.dll+0x29333]  (no source info available)
C  [KERNEL32.DLL+0x1257d]  (no source info available)
C  [ntdll.dll+0x5af28]  (no source info available)


---------------  P R O C E S S  ---------------

Threads class SMR info:
_java_thread_list=0x000001dbed466950, length=129, elements={
0x000001db81f03b00, 0x000001dba09e9930, 0x000001dba09eb860, 0x000001dba09ed9c0,
0x000001dba0b22090, 0x000001dba0b26370, 0x000001dba0b23830, 0x000001dba0b31fd0,
0x000001dba0b32bb0, 0x000001dba0c607b0, 0x000001dba0db99a0, 0x000001dbe78bb090,
0x000001dbe6850810, 0x000001dbe7835010, 0x000001dbe77df210, 0x000001dbe7830420,
0x000001dbe78d0340, 0x000001dbe781d470, 0x000001dbe781e190, 0x000001dbe781eeb0,
0x000001dbe781f540, 0x000001dbe781db00, 0x000001dbe781e820, 0x000001dbe781fbd0,
0x000001dbe78208f0, 0x000001dbeaf16c80, 0x000001dbeaf193e0, 0x000001dbeaf1b4b0,
0x000001dbeaf179a0, 0x000001dbeaf17310, 0x000001dbeaf18030, 0x000001dbeaf186c0,
0x000001dbed6dc020, 0x000001dbeaf1c860, 0x000001dbeaf15f60, 0x000001dbeaf165f0,
0x000001dbec3184d0, 0x000001dbec31a5a0, 0x000001dbec31ac30, 0x000001dbec319880,
0x000001dbec31b2c0, 0x000001dbec317e40, 0x000001dbec319f10, 0x000001dbec318b60,
0x000001dbec3191f0, 0x000001dbe6c79760, 0x000001dbe6c77690, 0x000001dbe6c7d270,
0x000001dbe6c7cbe0, 0x000001dbe6c762e0, 0x000001dbe6c7d900, 0x000001dbe6c76970,
0x000001dbe6c77000, 0x000001dbe6c77d20, 0x000001dbe6c78a40, 0x000001dbe6c7bec0,
0x000001dbe6c7ab10, 0x000001dbec5dd2a0, 0x000001dbe9761970, 0x000001dbe975d7d0,
0x000001dbe975c420, 0x000001dbe975b700, 0x000001dbe975d140, 0x000001dbe97605c0,
0x000001dbecdfd690, 0x000001dbecdfc2e0, 0x000001dbecdfdd20, 0x000001dbecdfe3b0,
0x000001dbecdf8e60, 0x000001dbecdfc970, 0x000001dbe6a1c2c0, 0x000001dbe6a1dd00,
0x000001dbe6a1e390, 0x000001dbe6a1af10, 0x000001dbe6a1c950, 0x000001dbe6a1a880,
0x000001dbe6a1cfe0, 0x000001dbe6a1d670, 0x000001dbe6a1bc30, 0x000001dbe6a1ea20,
0x000001dbe6a1f0b0, 0x000001dbe6a1f740, 0x000001dbe6a1fdd0, 0x000001dbe6a20460,
0x000001dbe6a20af0, 0x000001dbe6a19b60, 0x000001dbe6a21180, 0x000001dbecdfea40,
0x000001dbecdf8140, 0x000001dbecdff0d0, 0x000001dbecdfbc50, 0x000001dbecdff760,
0x000001dbecdfa8a0, 0x000001dbecdfaf30, 0x000001dbecdf87d0, 0x000001dbecdfb5c0,
0x000001dbecdfd000, 0x000001dbe975cab0, 0x000001dbe975e4f0, 0x000001dbead99960,
0x000001dbead94aa0, 0x000001dbead95e50, 0x000001dbead98c40, 0x000001dbead985b0,
0x000001dbead99ff0, 0x000001dbead992d0, 0x000001dbead93060, 0x000001dbead96b70,
0x000001dbead94410, 0x000001dbead9a680, 0x000001dbead936f0, 0x000001dbead95130,
0x000001dbead93d80, 0x000001dbe8690790, 0x000001dbe868d9a0, 0x000001dbe8693580,
0x000001dbe8690100, 0x000001dbe8690e20, 0x000001dbe86914b0, 0x000001dbe8691b40,
0x000001dbea507b40, 0x000001dbea506790, 0x000001dbea505a70, 0x000001dbea5081d0,
0x000001dbea506100, 0x000001dbea508860, 0x000001dbea5039a0, 0x000001dbea506e20,
0x000001dbea504d50
}

Java Threads: ( => current thread )
  0x000001db81f03b00 JavaThread "main"                              [_thread_blocked, id=23732, stack(0x0000006830200000,0x0000006830300000) (1024K)]
  0x000001dba09e9930 JavaThread "Reference Handler"          daemon [_thread_blocked, id=17040, stack(0x0000006830a00000,0x0000006830b00000) (1024K)]
  0x000001dba09eb860 JavaThread "Finalizer"                  daemon [_thread_blocked, id=15772, stack(0x0000006830b00000,0x0000006830c00000) (1024K)]
  0x000001dba09ed9c0 JavaThread "Signal Dispatcher"          daemon [_thread_blocked, id=10536, stack(0x0000006830c00000,0x0000006830d00000) (1024K)]
  0x000001dba0b22090 JavaThread "Attach Listener"            daemon [_thread_blocked, id=16744, stack(0x0000006830d00000,0x0000006830e00000) (1024K)]
  0x000001dba0b26370 JavaThread "Service Thread"             daemon [_thread_blocked, id=14580, stack(0x0000006830e00000,0x0000006830f00000) (1024K)]
  0x000001dba0b23830 JavaThread "Monitor Deflation Thread"   daemon [_thread_blocked, id=20704, stack(0x0000006830f00000,0x0000006831000000) (1024K)]
  0x000001dba0b31fd0 JavaThread "C2 CompilerThread0"         daemon [_thread_in_native, id=14832, stack(0x0000006831000000,0x0000006831100000) (1024K)]
  0x000001dba0b32bb0 JavaThread "C1 CompilerThread0"         daemon [_thread_blocked, id=21296, stack(0x0000006831100000,0x0000006831200000) (1024K)]
  0x000001dba0c607b0 JavaThread "Common-Cleaner"             daemon [_thread_blocked, id=24012, stack(0x0000006831200000,0x0000006831300000) (1024K)]
  0x000001dba0db99a0 JavaThread "Notification Thread"        daemon [_thread_blocked, id=6740, stack(0x0000006831400000,0x0000006831500000) (1024K)]
  0x000001dbe78bb090 JavaThread "Daemon health stats"               [_thread_blocked, id=19032, stack(0x0000006831900000,0x0000006831a00000) (1024K)]
  0x000001dbe6850810 JavaThread "Incoming local TCP Connector on port 62202"        [_thread_in_native, id=484, stack(0x0000006831a00000,0x0000006831b00000) (1024K)]
  0x000001dbe7835010 JavaThread "Daemon periodic checks"            [_thread_blocked, id=16992, stack(0x0000006831b00000,0x0000006831c00000) (1024K)]
  0x000001dbe77df210 JavaThread "Daemon"                            [_thread_blocked, id=16536, stack(0x0000006831c00000,0x0000006831d00000) (1024K)]
  0x000001dbe7830420 JavaThread "Handler for socket connection from /127.0.0.1:62202 to /127.0.0.1:62203"        [_thread_in_native, id=15920, stack(0x0000006831d00000,0x0000006831e00000) (1024K)]
  0x000001dbe78d0340 JavaThread "Cancel handler"                    [_thread_blocked, id=9952, stack(0x0000006831e00000,0x0000006831f00000) (1024K)]
  0x000001dbe781d470 JavaThread "Daemon worker"                     [_thread_blocked, id=12756, stack(0x0000006831f00000,0x0000006832000000) (1024K)]
  0x000001dbe781e190 JavaThread "Asynchronous log dispatcher for DefaultDaemonConnection: socket connection from /127.0.0.1:62202 to /127.0.0.1:62203"        [_thread_blocked, id=23336, stack(0x0000006832000000,0x0000006832100000) (1024K)]
  0x000001dbe781eeb0 JavaThread "Stdin handler"                     [_thread_blocked, id=13232, stack(0x0000006832100000,0x0000006832200000) (1024K)]
  0x000001dbe781f540 JavaThread "Daemon client event forwarder"        [_thread_blocked, id=7608, stack(0x0000006832200000,0x0000006832300000) (1024K)]
  0x000001dbe781db00 JavaThread "Cache worker for journal cache (C:\Users\ymytr\.gradle\caches\journal-1)"        [_thread_in_Java, id=11760, stack(0x0000006832300000,0x0000006832400000) (1024K)]
  0x000001dbe781e820 JavaThread "File lock request listener"        [_thread_in_native, id=27020, stack(0x0000006832400000,0x0000006832500000) (1024K)]
  0x000001dbe781fbd0 JavaThread "Cache worker for file hash cache (C:\Users\ymytr\.gradle\caches\8.8\fileHashes)"        [_thread_blocked, id=26660, stack(0x0000006832500000,0x0000006832600000) (1024K)]
  0x000001dbe78208f0 JavaThread "Cache worker for file hash cache (C:\Users\ymytr\OneDrive\VSCODE\TenderUS\client\.gradle\8.8\fileHashes)"        [_thread_blocked, id=24320, stack(0x0000006832700000,0x0000006832800000) (1024K)]
  0x000001dbeaf16c80 JavaThread "File watcher server"        daemon [_thread_in_native, id=980, stack(0x0000006832c00000,0x0000006832d00000) (1024K)]
  0x000001dbeaf193e0 JavaThread "File watcher consumer"      daemon [_thread_blocked, id=19004, stack(0x0000006832d00000,0x0000006832e00000) (1024K)]
  0x000001dbeaf1b4b0 JavaThread "Cache worker for checksums cache (C:\Users\ymytr\OneDrive\VSCODE\TenderUS\client\.gradle\8.8\checksums)"        [_thread_blocked, id=18624, stack(0x0000006832e00000,0x0000006832f00000) (1024K)]
  0x000001dbeaf179a0 JavaThread "Cache worker for file content cache (C:\Users\ymytr\.gradle\caches\8.8\fileContent)"        [_thread_blocked, id=4748, stack(0x0000006832f00000,0x0000006833000000) (1024K)]
  0x000001dbeaf17310 JavaThread "Cache worker for cache directory md-rule (C:\Users\ymytr\.gradle\caches\8.8\md-rule)"        [_thread_blocked, id=10120, stack(0x0000006833000000,0x0000006833100000) (1024K)]
  0x000001dbeaf18030 JavaThread "Cache worker for cache directory md-supplier (C:\Users\ymytr\.gradle\caches\8.8\md-supplier)"        [_thread_blocked, id=24956, stack(0x0000006833100000,0x0000006833200000) (1024K)]
  0x000001dbeaf186c0 JavaThread "Cache worker for Build Output Cleanup Cache (C:\Users\ymytr\OneDrive\VSCODE\TenderUS\client\.gradle\buildOutputCleanup)"        [_thread_blocked, id=23572, stack(0x0000006833200000,0x0000006833300000) (1024K)]
=>0x000001dbed6dc020 JavaThread "C2 CompilerThread1"         daemon [_thread_in_native, id=15764, stack(0x0000006832600000,0x0000006832700000) (1024K)]
  0x000001dbeaf1c860 JavaThread "Unconstrained build operations"        [_thread_blocked, id=26844, stack(0x0000006833300000,0x0000006833400000) (1024K)]
  0x000001dbeaf15f60 JavaThread "Unconstrained build operations Thread 2"        [_thread_blocked, id=15096, stack(0x0000006833400000,0x0000006833500000) (1024K)]
  0x000001dbeaf165f0 JavaThread "Unconstrained build operations Thread 3"        [_thread_blocked, id=25252, stack(0x0000006833500000,0x0000006833600000) (1024K)]
  0x000001dbec3184d0 JavaThread "Unconstrained build operations Thread 4"        [_thread_blocked, id=12056, stack(0x0000006833600000,0x0000006833700000) (1024K)]
  0x000001dbec31a5a0 JavaThread "Unconstrained build operations Thread 5"        [_thread_blocked, id=23456, stack(0x0000006833700000,0x0000006833800000) (1024K)]
  0x000001dbec31ac30 JavaThread "Unconstrained build operations Thread 6"        [_thread_blocked, id=22012, stack(0x0000006833800000,0x0000006833900000) (1024K)]
  0x000001dbec319880 JavaThread "Unconstrained build operations Thread 7"        [_thread_blocked, id=16096, stack(0x0000006833900000,0x0000006833a00000) (1024K)]
  0x000001dbec31b2c0 JavaThread "Unconstrained build operations Thread 8"        [_thread_blocked, id=16464, stack(0x0000006833a00000,0x0000006833b00000) (1024K)]
  0x000001dbec317e40 JavaThread "Unconstrained build operations Thread 9"        [_thread_blocked, id=7936, stack(0x0000006833b00000,0x0000006833c00000) (1024K)]
  0x000001dbec319f10 JavaThread "Unconstrained build operations Thread 10"        [_thread_blocked, id=11804, stack(0x0000006833c00000,0x0000006833d00000) (1024K)]
  0x000001dbec318b60 JavaThread "Unconstrained build operations Thread 11"        [_thread_blocked, id=13124, stack(0x0000006833d00000,0x0000006833e00000) (1024K)]
  0x000001dbec3191f0 JavaThread "Unconstrained build operations Thread 12"        [_thread_blocked, id=12228, stack(0x0000006833e00000,0x0000006833f00000) (1024K)]
  0x000001dbe6c79760 JavaThread "Unconstrained build operations Thread 13"        [_thread_in_native, id=13016, stack(0x0000006833f00000,0x0000006834000000) (1024K)]
  0x000001dbe6c77690 JavaThread "Unconstrained build operations Thread 14"        [_thread_in_native, id=19000, stack(0x0000006834000000,0x0000006834100000) (1024K)]
  0x000001dbe6c7d270 JavaThread "Unconstrained build operations Thread 15"        [_thread_blocked, id=11128, stack(0x0000006834100000,0x0000006834200000) (1024K)]
  0x000001dbe6c7cbe0 JavaThread "Unconstrained build operations Thread 16"        [_thread_in_native, id=19800, stack(0x0000006834200000,0x0000006834300000) (1024K)]
  0x000001dbe6c762e0 JavaThread "Unconstrained build operations Thread 17"        [_thread_blocked, id=9884, stack(0x0000006834300000,0x0000006834400000) (1024K)]
  0x000001dbe6c7d900 JavaThread "Unconstrained build operations Thread 18"        [_thread_blocked, id=15704, stack(0x0000006834400000,0x0000006834500000) (1024K)]
  0x000001dbe6c76970 JavaThread "Unconstrained build operations Thread 19"        [_thread_blocked, id=7340, stack(0x0000006834500000,0x0000006834600000) (1024K)]
  0x000001dbe6c77000 JavaThread "Unconstrained build operations Thread 20"        [_thread_blocked, id=27472, stack(0x0000006834600000,0x0000006834700000) (1024K)]
  0x000001dbe6c77d20 JavaThread "Unconstrained build operations Thread 21"        [_thread_blocked, id=14564, stack(0x0000006834700000,0x0000006834800000) (1024K)]
  0x000001dbe6c78a40 JavaThread "build event listener"              [_thread_blocked, id=8356, stack(0x0000006834800000,0x0000006834900000) (1024K)]
  0x000001dbe6c7bec0 JavaThread "Memory manager"                    [_thread_blocked, id=18160, stack(0x0000006834900000,0x0000006834a00000) (1024K)]
  0x000001dbe6c7ab10 JavaThread "build event listener"              [_thread_blocked, id=17596, stack(0x0000006834b00000,0x0000006834c00000) (1024K)]
  0x000001dbec5dd2a0 JavaThread "C2 CompilerThread2"         daemon [_thread_in_native, id=2276, stack(0x0000006834a00000,0x0000006834b00000) (1024K)]
  0x000001dbe9761970 JavaThread "pool-3-thread-1"                   [_thread_blocked, id=15324, stack(0x0000006834c00000,0x0000006834d00000) (1024K)]
  0x000001dbe975d7d0 JavaThread "build event listener"              [_thread_blocked, id=11756, stack(0x0000006834d00000,0x0000006834e00000) (1024K)]
  0x000001dbe975c420 JavaThread "included builds"                   [_thread_blocked, id=10036, stack(0x0000006834e00000,0x0000006834f00000) (1024K)]
  0x000001dbe975b700 JavaThread "Execution worker"                  [_thread_blocked, id=20556, stack(0x0000006834f00000,0x0000006835000000) (1024K)]
  0x000001dbe975d140 JavaThread "Execution worker Thread 2"         [_thread_in_native, id=26712, stack(0x0000006835000000,0x0000006835100000) (1024K)]
  0x000001dbe97605c0 JavaThread "Execution worker Thread 3"         [_thread_blocked, id=19288, stack(0x0000006835100000,0x0000006835200000) (1024K)]
  0x000001dbecdfd690 JavaThread "Execution worker Thread 4"         [_thread_blocked, id=8092, stack(0x0000006835200000,0x0000006835300000) (1024K)]
  0x000001dbecdfc2e0 JavaThread "Execution worker Thread 5"         [_thread_blocked, id=22644, stack(0x0000006835300000,0x0000006835400000) (1024K)]
  0x000001dbecdfdd20 JavaThread "Execution worker Thread 6"         [_thread_blocked, id=14524, stack(0x0000006835400000,0x0000006835500000) (1024K)]
  0x000001dbecdfe3b0 JavaThread "Execution worker Thread 7"         [_thread_blocked, id=26744, stack(0x0000006835500000,0x0000006835600000) (1024K)]
  0x000001dbecdf8e60 JavaThread "Cache worker for execution history cache (C:\Users\ymytr\OneDrive\VSCODE\TenderUS\client\.gradle\8.8\executionHistory)"        [_thread_blocked, id=24224, stack(0x0000006835600000,0x0000006835700000) (1024K)]
  0x000001dbecdfc970 JavaThread "Unconstrained build operations Thread 22"        [_thread_blocked, id=16916, stack(0x0000006835700000,0x0000006835800000) (1024K)]
  0x000001dbe6a1c2c0 JavaThread "Unconstrained build operations Thread 23"        [_thread_blocked, id=3648, stack(0x0000006835800000,0x0000006835900000) (1024K)]
  0x000001dbe6a1dd00 JavaThread "Unconstrained build operations Thread 24"        [_thread_blocked, id=22044, stack(0x0000006835900000,0x0000006835a00000) (1024K)]
  0x000001dbe6a1e390 JavaThread "Unconstrained build operations Thread 25"        [_thread_blocked, id=7152, stack(0x0000006835a00000,0x0000006835b00000) (1024K)]
  0x000001dbe6a1af10 JavaThread "Unconstrained build operations Thread 26"        [_thread_blocked, id=15064, stack(0x0000006835b00000,0x0000006835c00000) (1024K)]
  0x000001dbe6a1c950 JavaThread "Unconstrained build operations Thread 27"        [_thread_blocked, id=18760, stack(0x0000006835c00000,0x0000006835d00000) (1024K)]
  0x000001dbe6a1a880 JavaThread "Unconstrained build operations Thread 28"        [_thread_blocked, id=6744, stack(0x0000006835d00000,0x0000006835e00000) (1024K)]
  0x000001dbe6a1cfe0 JavaThread "Unconstrained build operations Thread 29"        [_thread_blocked, id=22816, stack(0x0000006835e00000,0x0000006835f00000) (1024K)]
  0x000001dbe6a1d670 JavaThread "Unconstrained build operations Thread 30"        [_thread_blocked, id=19968, stack(0x0000006835f00000,0x0000006836000000) (1024K)]
  0x000001dbe6a1bc30 JavaThread "Unconstrained build operations Thread 31"        [_thread_blocked, id=17092, stack(0x0000006836000000,0x0000006836100000) (1024K)]
  0x000001dbe6a1ea20 JavaThread "Unconstrained build operations Thread 32"        [_thread_blocked, id=3344, stack(0x0000006836100000,0x0000006836200000) (1024K)]
  0x000001dbe6a1f0b0 JavaThread "Unconstrained build operations Thread 33"        [_thread_blocked, id=4792, stack(0x0000006836200000,0x0000006836300000) (1024K)]
  0x000001dbe6a1f740 JavaThread "Unconstrained build operations Thread 34"        [_thread_blocked, id=10772, stack(0x0000006836300000,0x0000006836400000) (1024K)]
  0x000001dbe6a1fdd0 JavaThread "Unconstrained build operations Thread 35"        [_thread_blocked, id=16168, stack(0x0000006836400000,0x0000006836500000) (1024K)]
  0x000001dbe6a20460 JavaThread "Unconstrained build operations Thread 36"        [_thread_blocked, id=4056, stack(0x0000006836500000,0x0000006836600000) (1024K)]
  0x000001dbe6a20af0 JavaThread "Unconstrained build operations Thread 37"        [_thread_blocked, id=10440, stack(0x0000006836600000,0x0000006836700000) (1024K)]
  0x000001dbe6a19b60 JavaThread "Unconstrained build operations Thread 38"        [_thread_blocked, id=252, stack(0x0000006836700000,0x0000006836800000) (1024K)]
  0x000001dbe6a21180 JavaThread "Unconstrained build operations Thread 39"        [_thread_blocked, id=18156, stack(0x0000006836800000,0x0000006836900000) (1024K)]
  0x000001dbecdfea40 JavaThread "Unconstrained build operations Thread 40"        [_thread_blocked, id=16160, stack(0x0000006836900000,0x0000006836a00000) (1024K)]
  0x000001dbecdf8140 JavaThread "Unconstrained build operations Thread 41"        [_thread_blocked, id=17072, stack(0x0000006836a00000,0x0000006836b00000) (1024K)]
  0x000001dbecdff0d0 JavaThread "Unconstrained build operations Thread 42"        [_thread_blocked, id=18576, stack(0x0000006836b00000,0x0000006836c00000) (1024K)]
  0x000001dbecdfbc50 JavaThread "Unconstrained build operations Thread 43"        [_thread_blocked, id=21172, stack(0x0000006836c00000,0x0000006836d00000) (1024K)]
  0x000001dbecdff760 JavaThread "Unconstrained build operations Thread 44"        [_thread_blocked, id=22736, stack(0x0000006836d00000,0x0000006836e00000) (1024K)]
  0x000001dbecdfa8a0 JavaThread "Unconstrained build operations Thread 45"        [_thread_blocked, id=17728, stack(0x0000006836e00000,0x0000006836f00000) (1024K)]
  0x000001dbecdfaf30 JavaThread "Unconstrained build operations Thread 46"        [_thread_blocked, id=7444, stack(0x0000006836f00000,0x0000006837000000) (1024K)]
  0x000001dbecdf87d0 JavaThread "Unconstrained build operations Thread 47"        [_thread_blocked, id=6624, stack(0x0000006837000000,0x0000006837100000) (1024K)]
  0x000001dbecdfb5c0 JavaThread "Unconstrained build operations Thread 48"        [_thread_blocked, id=4276, stack(0x0000006837100000,0x0000006837200000) (1024K)]
  0x000001dbecdfd000 JavaThread "Unconstrained build operations Thread 49"        [_thread_blocked, id=13872, stack(0x0000006837200000,0x0000006837300000) (1024K)]
  0x000001dbe975cab0 JavaThread "Unconstrained build operations Thread 50"        [_thread_blocked, id=27404, stack(0x0000006837300000,0x0000006837400000) (1024K)]
  0x000001dbe975e4f0 JavaThread "Unconstrained build operations Thread 51"        [_thread_blocked, id=15080, stack(0x0000006837400000,0x0000006837500000) (1024K)]
  0x000001dbead99960 JavaThread "Unconstrained build operations Thread 52"        [_thread_blocked, id=22408, stack(0x0000006837500000,0x0000006837600000) (1024K)]
  0x000001dbead94aa0 JavaThread "Unconstrained build operations Thread 53"        [_thread_blocked, id=23532, stack(0x0000006837600000,0x0000006837700000) (1024K)]
  0x000001dbead95e50 JavaThread "Unconstrained build operations Thread 54"        [_thread_blocked, id=25532, stack(0x0000006837700000,0x0000006837800000) (1024K)]
  0x000001dbead98c40 JavaThread "Unconstrained build operations Thread 55"        [_thread_blocked, id=20940, stack(0x0000006837800000,0x0000006837900000) (1024K)]
  0x000001dbead985b0 JavaThread "Unconstrained build operations Thread 56"        [_thread_blocked, id=11056, stack(0x0000006837900000,0x0000006837a00000) (1024K)]
  0x000001dbead99ff0 JavaThread "Unconstrained build operations Thread 57"        [_thread_blocked, id=14416, stack(0x0000006837a00000,0x0000006837b00000) (1024K)]
  0x000001dbead992d0 JavaThread "Unconstrained build operations Thread 58"        [_thread_blocked, id=20712, stack(0x0000006837b00000,0x0000006837c00000) (1024K)]
  0x000001dbead93060 JavaThread "Unconstrained build operations Thread 59"        [_thread_blocked, id=21528, stack(0x0000006837c00000,0x0000006837d00000) (1024K)]
  0x000001dbead96b70 JavaThread "Unconstrained build operations Thread 60"        [_thread_blocked, id=3372, stack(0x0000006837d00000,0x0000006837e00000) (1024K)]
  0x000001dbead94410 JavaThread "Unconstrained build operations Thread 61"        [_thread_blocked, id=11276, stack(0x0000006837e00000,0x0000006837f00000) (1024K)]
  0x000001dbead9a680 JavaThread "Unconstrained build operations Thread 62"        [_thread_blocked, id=2212, stack(0x0000006837f00000,0x0000006838000000) (1024K)]
  0x000001dbead936f0 JavaThread "Unconstrained build operations Thread 63"        [_thread_blocked, id=9656, stack(0x0000006838000000,0x0000006838100000) (1024K)]
  0x000001dbead95130 JavaThread "Unconstrained build operations Thread 64"        [_thread_blocked, id=21700, stack(0x0000006838100000,0x0000006838200000) (1024K)]
  0x000001dbead93d80 JavaThread "Unconstrained build operations Thread 65"        [_thread_blocked, id=5004, stack(0x0000006838200000,0x0000006838300000) (1024K)]
  0x000001dbe8690790 JavaThread "Unconstrained build operations Thread 66"        [_thread_blocked, id=3588, stack(0x0000006838300000,0x0000006838400000) (1024K)]
  0x000001dbe868d9a0 JavaThread "Unconstrained build operations Thread 67"        [_thread_blocked, id=10876, stack(0x0000006838400000,0x0000006838500000) (1024K)]
  0x000001dbe8693580 JavaThread "Unconstrained build operations Thread 68"        [_thread_blocked, id=17496, stack(0x0000006838500000,0x0000006838600000) (1024K)]
  0x000001dbe8690100 JavaThread "Unconstrained build operations Thread 69"        [_thread_blocked, id=16292, stack(0x0000006838600000,0x0000006838700000) (1024K)]
  0x000001dbe8690e20 JavaThread "Unconstrained build operations Thread 70"        [_thread_blocked, id=23840, stack(0x0000006838700000,0x0000006838800000) (1024K)]
  0x000001dbe86914b0 JavaThread "Unconstrained build operations Thread 71"        [_thread_blocked, id=26468, stack(0x0000006838800000,0x0000006838900000) (1024K)]
  0x000001dbe8691b40 JavaThread "Unconstrained build operations Thread 72"        [_thread_blocked, id=1860, stack(0x0000006838900000,0x0000006838a00000) (1024K)]
  0x000001dbea507b40 JavaThread "Unconstrained build operations Thread 73"        [_thread_blocked, id=27028, stack(0x0000006838a00000,0x0000006838b00000) (1024K)]
  0x000001dbea506790 JavaThread "Unconstrained build operations Thread 74"        [_thread_blocked, id=26216, stack(0x0000006838b00000,0x0000006838c00000) (1024K)]
  0x000001dbea505a70 JavaThread "Unconstrained build operations Thread 75"        [_thread_blocked, id=23232, stack(0x0000006838c00000,0x0000006838d00000) (1024K)]
  0x000001dbea5081d0 JavaThread "Unconstrained build operations Thread 76"        [_thread_blocked, id=6376, stack(0x0000006838d00000,0x0000006838e00000) (1024K)]
  0x000001dbea506100 JavaThread "Unconstrained build operations Thread 77"        [_thread_blocked, id=18120, stack(0x0000006838e00000,0x0000006838f00000) (1024K)]
  0x000001dbea508860 JavaThread "Unconstrained build operations Thread 78"        [_thread_blocked, id=24280, stack(0x0000006838f00000,0x0000006839000000) (1024K)]
  0x000001dbea5039a0 JavaThread "Unconstrained build operations Thread 79"        [_thread_blocked, id=4284, stack(0x0000006839000000,0x0000006839100000) (1024K)]
  0x000001dbea506e20 JavaThread "Unconstrained build operations Thread 80"        [_thread_blocked, id=4584, stack(0x0000006839100000,0x0000006839200000) (1024K)]
  0x000001dbea504d50 JavaThread "WorkerExecutor Queue"              [_thread_in_native, id=6892, stack(0x0000006839200000,0x0000006839300000) (1024K)]
Total: 129

Other Threads:
  0x000001dba09c9860 VMThread "VM Thread"                           [id=23976, stack(0x0000006830900000,0x0000006830a00000) (1024K)]
  0x000001dba09b3b20 WatcherThread "VM Periodic Task Thread"        [id=18672, stack(0x0000006830800000,0x0000006830900000) (1024K)]
  0x000001db8414ed00 WorkerThread "GC Thread#0"                     [id=25996, stack(0x0000006830300000,0x0000006830400000) (1024K)]
  0x000001dbe65f1b10 WorkerThread "GC Thread#1"                     [id=2280, stack(0x0000006831500000,0x0000006831600000) (1024K)]
  0x000001dbe65f1ec0 WorkerThread "GC Thread#2"                     [id=14656, stack(0x0000006831600000,0x0000006831700000) (1024K)]
  0x000001dbe62cd0c0 WorkerThread "GC Thread#3"                     [id=21096, stack(0x0000006831700000,0x0000006831800000) (1024K)]
  0x000001dbe6816ce0 WorkerThread "GC Thread#4"                     [id=13648, stack(0x0000006831800000,0x0000006831900000) (1024K)]
  0x000001dbe9202fb0 WorkerThread "GC Thread#5"                     [id=20012, stack(0x0000006832800000,0x0000006832900000) (1024K)]
  0x000001dbe9201d40 WorkerThread "GC Thread#6"                     [id=27436, stack(0x0000006832900000,0x0000006832a00000) (1024K)]
  0x000001dbe92020f0 WorkerThread "GC Thread#7"                     [id=7352, stack(0x0000006832a00000,0x0000006832b00000) (1024K)]
  0x000001db841614c0 ConcurrentGCThread "G1 Main Marker"            [id=10852, stack(0x0000006830400000,0x0000006830500000) (1024K)]
  0x000001db84162770 WorkerThread "G1 Conc#0"                       [id=17832, stack(0x0000006830500000,0x0000006830600000) (1024K)]
  0x000001dbe9202c00 WorkerThread "G1 Conc#1"                       [id=4208, stack(0x0000006832b00000,0x0000006832c00000) (1024K)]
  0x000001db841ae860 ConcurrentGCThread "G1 Refine#0"               [id=15348, stack(0x0000006830600000,0x0000006830700000) (1024K)]
  0x000001dba0887660 ConcurrentGCThread "G1 Service"                [id=26004, stack(0x0000006830700000,0x0000006830800000) (1024K)]
Total: 15

Threads with active compile tasks:
C2 CompilerThread0  22057 14960       4       com.google.common.collect.MapMakerInternalMap$Segment::expand (276 bytes)
C2 CompilerThread1  22057 14799       4       java.lang.reflect.Method::invoke (108 bytes)
Total: 2

VM state: not at safepoint (normal execution)

VM Mutex/Monitor currently owned by a thread: None

Heap address: 0x0000000080000000, size: 2048 MB, Compressed Oops mode: 32-bit

CDS archive(s) mapped at: [0x000001dba1000000-0x000001dba1c60000-0x000001dba1c60000), size 12976128, SharedBaseAddress: 0x000001dba1000000, ArchiveRelocationMode: 1.
Compressed class space mapped at: 0x000001dba2000000-0x000001dbe2000000, reserved size: 1073741824
Narrow klass base: 0x000001dba1000000, Narrow klass shift: 0, Narrow klass range: 0x41000000

GC Precious Log:
 CardTable entry size: 512
 Card Set container configuration: InlinePtr #cards 5 size 8 Array Of Cards #cards 12 size 40 Howl #buckets 4 coarsen threshold 1843 Howl Bitmap #cards 512 size 80 coarsen threshold 460 Card regions per heap region 1 cards per card region 2048
 CPUs: 8 total, 8 available
 Memory: 12093M
 Large Page Support: Disabled
 NUMA Support: Disabled
 Compressed Oops: Enabled (32-bit)
 Heap Region Size: 1M
 Heap Min Capacity: 8M
 Heap Initial Capacity: 190M
 Heap Max Capacity: 2G
 Pre-touch: Disabled
 Parallel Workers: 8
 Concurrent Workers: 2
 Concurrent Refinement Workers: 8
 Periodic GC: Disabled

Heap:
 garbage-first heap   total reserved 2097152K, committed 199680K, used 132938K [0x0000000080000000, 0x0000000100000000)
  region size 1024K, 16 young (16384K), 8 survivors (8192K)
 Metaspace       used 105540K, committed 107776K, reserved 1179648K
  class space    used 14885K, committed 15936K, reserved 1048576K

Heap Regions: E=young(eden), S=young(survivor), O=old, HS=humongous(starts), HC=humongous(continues), CS=collection set, F=free, TAMS=top-at-mark-start, PB=parsable bottom
|   0|0x0000000080000000, 0x0000000080100000, 0x0000000080100000|100%|HS|  |TAMS 0x0000000080000000| PB 0x0000000080000000| Complete |  0
|   1|0x0000000080100000, 0x0000000080200000, 0x0000000080200000|100%|HC|  |TAMS 0x0000000080100000| PB 0x0000000080100000| Complete |  0
|   2|0x0000000080200000, 0x0000000080300000, 0x0000000080300000|100%|HC|  |TAMS 0x0000000080200000| PB 0x0000000080200000| Complete |  0
|   3|0x0000000080300000, 0x0000000080400000, 0x0000000080400000|100%|HC|  |TAMS 0x0000000080300000| PB 0x0000000080300000| Complete |  0
|   4|0x0000000080400000, 0x0000000080500000, 0x0000000080500000|100%| O|  |TAMS 0x0000000080400000| PB 0x0000000080400000| Untracked |  0
|   5|0x0000000080500000, 0x0000000080600000, 0x0000000080600000|100%| O|  |TAMS 0x0000000080500000| PB 0x0000000080500000| Untracked |  0
|   6|0x0000000080600000, 0x0000000080700000, 0x0000000080700000|100%| O|  |TAMS 0x0000000080600000| PB 0x0000000080600000| Untracked |  0
|   7|0x0000000080700000, 0x0000000080800000, 0x0000000080800000|100%| O|  |TAMS 0x0000000080700000| PB 0x0000000080700000| Untracked |  0
|   8|0x0000000080800000, 0x0000000080900000, 0x0000000080900000|100%| O|  |TAMS 0x0000000080800000| PB 0x0000000080800000| Untracked |  0
|   9|0x0000000080900000, 0x0000000080a00000, 0x0000000080a00000|100%| O|  |TAMS 0x0000000080900000| PB 0x0000000080900000| Untracked |  0
|  10|0x0000000080a00000, 0x0000000080b00000, 0x0000000080b00000|100%| O|  |TAMS 0x0000000080a00000| PB 0x0000000080a00000| Untracked |  0
|  11|0x0000000080b00000, 0x0000000080c00000, 0x0000000080c00000|100%|HS|  |TAMS 0x0000000080b00000| PB 0x0000000080b00000| Complete |  0
|  12|0x0000000080c00000, 0x0000000080d00000, 0x0000000080d00000|100%| O|  |TAMS 0x0000000080c00000| PB 0x0000000080c00000| Untracked |  0
|  13|0x0000000080d00000, 0x0000000080e00000, 0x0000000080e00000|100%| O|  |TAMS 0x0000000080d00000| PB 0x0000000080d00000| Untracked |  0
|  14|0x0000000080e00000, 0x0000000080f00000, 0x0000000080f00000|100%| O|  |TAMS 0x0000000080e00000| PB 0x0000000080e00000| Untracked |  0
|  15|0x0000000080f00000, 0x0000000081000000, 0x0000000081000000|100%| O|  |TAMS 0x0000000080f00000| PB 0x0000000080f00000| Untracked |  0
|  16|0x0000000081000000, 0x0000000081100000, 0x0000000081100000|100%| O|  |TAMS 0x0000000081000000| PB 0x0000000081000000| Untracked |  0
|  17|0x0000000081100000, 0x0000000081200000, 0x0000000081200000|100%| O|  |TAMS 0x0000000081100000| PB 0x0000000081100000| Untracked |  0
|  18|0x0000000081200000, 0x0000000081300000, 0x0000000081300000|100%| O|  |TAMS 0x0000000081200000| PB 0x0000000081200000| Untracked |  0
|  19|0x0000000081300000, 0x0000000081400000, 0x0000000081400000|100%| O|  |TAMS 0x0000000081300000| PB 0x0000000081300000| Untracked |  0
|  20|0x0000000081400000, 0x0000000081500000, 0x0000000081500000|100%| O|  |TAMS 0x0000000081400000| PB 0x0000000081400000| Untracked |  0
|  21|0x0000000081500000, 0x0000000081600000, 0x0000000081600000|100%| O|  |TAMS 0x0000000081500000| PB 0x0000000081500000| Untracked |  0
|  22|0x0000000081600000, 0x0000000081700000, 0x0000000081700000|100%| O|  |TAMS 0x0000000081600000| PB 0x0000000081600000| Untracked |  0
|  23|0x0000000081700000, 0x0000000081800000, 0x0000000081800000|100%| O|  |TAMS 0x0000000081700000| PB 0x0000000081700000| Untracked |  0
|  24|0x0000000081800000, 0x0000000081900000, 0x0000000081900000|100%| O|  |TAMS 0x0000000081800000| PB 0x0000000081800000| Untracked |  0
|  25|0x0000000081900000, 0x0000000081a00000, 0x0000000081a00000|100%| O|  |TAMS 0x0000000081900000| PB 0x0000000081900000| Untracked |  0
|  26|0x0000000081a00000, 0x0000000081b00000, 0x0000000081b00000|100%| O|  |TAMS 0x0000000081a00000| PB 0x0000000081a00000| Untracked |  0
|  27|0x0000000081b00000, 0x0000000081c00000, 0x0000000081c00000|100%| O|  |TAMS 0x0000000081b00000| PB 0x0000000081b00000| Untracked |  0
|  28|0x0000000081c00000, 0x0000000081d00000, 0x0000000081d00000|100%| O|  |TAMS 0x0000000081c00000| PB 0x0000000081c00000| Untracked |  0
|  29|0x0000000081d00000, 0x0000000081e00000, 0x0000000081e00000|100%| O|  |TAMS 0x0000000081d00000| PB 0x0000000081d00000| Untracked |  0
|  30|0x0000000081e00000, 0x0000000081f00000, 0x0000000081f00000|100%| O|  |TAMS 0x0000000081e00000| PB 0x0000000081e00000| Untracked |  0
|  31|0x0000000081f00000, 0x0000000082000000, 0x0000000082000000|100%| O|  |TAMS 0x0000000081f00000| PB 0x0000000081f00000| Untracked |  0
|  32|0x0000000082000000, 0x0000000082100000, 0x0000000082100000|100%| O|  |TAMS 0x0000000082000000| PB 0x0000000082000000| Untracked |  0
|  33|0x0000000082100000, 0x0000000082200000, 0x0000000082200000|100%| O|  |TAMS 0x0000000082100000| PB 0x0000000082100000| Untracked |  0
|  34|0x0000000082200000, 0x0000000082300000, 0x0000000082300000|100%| O|  |TAMS 0x0000000082200000| PB 0x0000000082200000| Untracked |  0
|  35|0x0000000082300000, 0x0000000082400000, 0x0000000082400000|100%| O|  |TAMS 0x0000000082300000| PB 0x0000000082300000| Untracked |  0
|  36|0x0000000082400000, 0x0000000082500000, 0x0000000082500000|100%| O|  |TAMS 0x0000000082400000| PB 0x0000000082400000| Untracked |  0
|  37|0x0000000082500000, 0x0000000082600000, 0x0000000082600000|100%| O|  |TAMS 0x0000000082500000| PB 0x0000000082500000| Untracked |  0
|  38|0x0000000082600000, 0x0000000082700000, 0x0000000082700000|100%| O|  |TAMS 0x0000000082600000| PB 0x0000000082600000| Untracked |  0
|  39|0x0000000082700000, 0x0000000082800000, 0x0000000082800000|100%| O|  |TAMS 0x0000000082700000| PB 0x0000000082700000| Untracked |  0
|  40|0x0000000082800000, 0x0000000082900000, 0x0000000082900000|100%| O|  |TAMS 0x0000000082800000| PB 0x0000000082800000| Untracked |  0
|  41|0x0000000082900000, 0x0000000082a00000, 0x0000000082a00000|100%| O|  |TAMS 0x0000000082900000| PB 0x0000000082900000| Untracked |  0
|  42|0x0000000082a00000, 0x0000000082b00000, 0x0000000082b00000|100%| O|  |TAMS 0x0000000082a00000| PB 0x0000000082a00000| Untracked |  0
|  43|0x0000000082b00000, 0x0000000082c00000, 0x0000000082c00000|100%| O|  |TAMS 0x0000000082b00000| PB 0x0000000082b00000| Untracked |  0
|  44|0x0000000082c00000, 0x0000000082d00000, 0x0000000082d00000|100%| O|  |TAMS 0x0000000082c00000| PB 0x0000000082c00000| Untracked |  0
|  45|0x0000000082d00000, 0x0000000082e00000, 0x0000000082e00000|100%| O|  |TAMS 0x0000000082d00000| PB 0x0000000082d00000| Untracked |  0
|  46|0x0000000082e00000, 0x0000000082f00000, 0x0000000082f00000|100%| O|  |TAMS 0x0000000082e00000| PB 0x0000000082e00000| Untracked |  0
|  47|0x0000000082f00000, 0x0000000083000000, 0x0000000083000000|100%|HS|  |TAMS 0x0000000082f00000| PB 0x0000000082f00000| Complete |  0
|  48|0x0000000083000000, 0x0000000083100000, 0x0000000083100000|100%|HS|  |TAMS 0x0000000083000000| PB 0x0000000083000000| Complete |  0
|  49|0x0000000083100000, 0x0000000083200000, 0x0000000083200000|100%| O|  |TAMS 0x0000000083100000| PB 0x0000000083100000| Untracked |  0
|  50|0x0000000083200000, 0x0000000083300000, 0x0000000083300000|100%|HS|  |TAMS 0x0000000083200000| PB 0x0000000083200000| Complete |  0
|  51|0x0000000083300000, 0x0000000083400000, 0x0000000083400000|100%|HC|  |TAMS 0x0000000083300000| PB 0x0000000083300000| Complete |  0
|  52|0x0000000083400000, 0x0000000083500000, 0x0000000083500000|100%|HS|  |TAMS 0x0000000083400000| PB 0x0000000083400000| Complete |  0
|  53|0x0000000083500000, 0x0000000083600000, 0x0000000083600000|100%| O|  |TAMS 0x0000000083500000| PB 0x0000000083500000| Untracked |  0
|  54|0x0000000083600000, 0x0000000083700000, 0x0000000083700000|100%|HS|  |TAMS 0x0000000083600000| PB 0x0000000083600000| Complete |  0
|  55|0x0000000083700000, 0x0000000083800000, 0x0000000083800000|100%|HC|  |TAMS 0x0000000083700000| PB 0x0000000083700000| Complete |  0
|  56|0x0000000083800000, 0x0000000083900000, 0x0000000083900000|100%|HS|  |TAMS 0x0000000083800000| PB 0x0000000083800000| Complete |  0
|  57|0x0000000083900000, 0x0000000083a00000, 0x0000000083a00000|100%|HS|  |TAMS 0x0000000083900000| PB 0x0000000083900000| Complete |  0
|  58|0x0000000083a00000, 0x0000000083b00000, 0x0000000083b00000|100%|HC|  |TAMS 0x0000000083a00000| PB 0x0000000083a00000| Complete |  0
|  59|0x0000000083b00000, 0x0000000083c00000, 0x0000000083c00000|100%|HC|  |TAMS 0x0000000083b00000| PB 0x0000000083b00000| Complete |  0
|  60|0x0000000083c00000, 0x0000000083d00000, 0x0000000083d00000|100%|HC|  |TAMS 0x0000000083c00000| PB 0x0000000083c00000| Complete |  0
|  61|0x0000000083d00000, 0x0000000083e00000, 0x0000000083e00000|100%|HS|  |TAMS 0x0000000083d00000| PB 0x0000000083d00000| Complete |  0
|  62|0x0000000083e00000, 0x0000000083f00000, 0x0000000083f00000|100%| O|  |TAMS 0x0000000083e00000| PB 0x0000000083e00000| Untracked |  0
|  63|0x0000000083f00000, 0x0000000084000000, 0x0000000084000000|100%|HS|  |TAMS 0x0000000083f00000| PB 0x0000000083f00000| Complete |  0
|  64|0x0000000084000000, 0x0000000084100000, 0x0000000084100000|100%| O|  |TAMS 0x0000000084000000| PB 0x0000000084000000| Untracked |  0
|  65|0x0000000084100000, 0x0000000084200000, 0x0000000084200000|100%| O|  |TAMS 0x0000000084100000| PB 0x0000000084100000| Untracked |  0
|  66|0x0000000084200000, 0x0000000084300000, 0x0000000084300000|100%| O|  |TAMS 0x0000000084200000| PB 0x0000000084200000| Untracked |  0
|  67|0x0000000084300000, 0x0000000084400000, 0x0000000084400000|100%| O|  |TAMS 0x0000000084300000| PB 0x0000000084300000| Untracked |  0
|  68|0x0000000084400000, 0x0000000084500000, 0x0000000084500000|100%| O|  |TAMS 0x0000000084400000| PB 0x0000000084400000| Untracked |  0
|  69|0x0000000084500000, 0x0000000084600000, 0x0000000084600000|100%| O|  |TAMS 0x0000000084500000| PB 0x0000000084500000| Untracked |  0
|  70|0x0000000084600000, 0x0000000084700000, 0x0000000084700000|100%| O|  |TAMS 0x0000000084600000| PB 0x0000000084600000| Untracked |  0
|  71|0x0000000084700000, 0x0000000084800000, 0x0000000084800000|100%| O|  |TAMS 0x0000000084700000| PB 0x0000000084700000| Untracked |  0
|  72|0x0000000084800000, 0x0000000084900000, 0x0000000084900000|100%|HS|  |TAMS 0x0000000084800000| PB 0x0000000084800000| Complete |  0
|  73|0x0000000084900000, 0x0000000084a00000, 0x0000000084a00000|100%| O|  |TAMS 0x0000000084900000| PB 0x0000000084900000| Untracked |  0
|  74|0x0000000084a00000, 0x0000000084b00000, 0x0000000084b00000|100%| O|  |TAMS 0x0000000084a00000| PB 0x0000000084a00000| Untracked |  0
|  75|0x0000000084b00000, 0x0000000084c00000, 0x0000000084c00000|100%| O|  |TAMS 0x0000000084b00000| PB 0x0000000084b00000| Untracked |  0
|  76|0x0000000084c00000, 0x0000000084d00000, 0x0000000084d00000|100%| O|  |TAMS 0x0000000084c00000| PB 0x0000000084c00000| Untracked |  0
|  77|0x0000000084d00000, 0x0000000084e00000, 0x0000000084e00000|100%| O|  |TAMS 0x0000000084d00000| PB 0x0000000084d00000| Untracked |  0
|  78|0x0000000084e00000, 0x0000000084f00000, 0x0000000084f00000|100%| O|  |TAMS 0x0000000084e00000| PB 0x0000000084e00000| Untracked |  0
|  79|0x0000000084f00000, 0x0000000085000000, 0x0000000085000000|100%| O|  |TAMS 0x0000000084f00000| PB 0x0000000084f00000| Untracked |  0
|  80|0x0000000085000000, 0x0000000085100000, 0x0000000085100000|100%| O|  |TAMS 0x0000000085000000| PB 0x0000000085000000| Untracked |  0
|  81|0x0000000085100000, 0x0000000085200000, 0x0000000085200000|100%| O|  |TAMS 0x0000000085100000| PB 0x0000000085100000| Untracked |  0
|  82|0x0000000085200000, 0x0000000085300000, 0x0000000085300000|100%| O|  |TAMS 0x0000000085200000| PB 0x0000000085200000| Untracked |  0
|  83|0x0000000085300000, 0x0000000085400000, 0x0000000085400000|100%| O|  |TAMS 0x0000000085300000| PB 0x0000000085300000| Untracked |  0
|  84|0x0000000085400000, 0x0000000085500000, 0x0000000085500000|100%| O|  |TAMS 0x0000000085400000| PB 0x0000000085400000| Untracked |  0
|  85|0x0000000085500000, 0x0000000085600000, 0x0000000085600000|100%| O|  |TAMS 0x0000000085500000| PB 0x0000000085500000| Untracked |  0
|  86|0x0000000085600000, 0x0000000085700000, 0x0000000085700000|100%| O|  |TAMS 0x0000000085600000| PB 0x0000000085600000| Untracked |  0
|  87|0x0000000085700000, 0x0000000085800000, 0x0000000085800000|100%|HS|  |TAMS 0x0000000085700000| PB 0x0000000085700000| Complete |  0
|  88|0x0000000085800000, 0x0000000085900000, 0x0000000085900000|100%|HC|  |TAMS 0x0000000085800000| PB 0x0000000085800000| Complete |  0
|  89|0x0000000085900000, 0x0000000085a00000, 0x0000000085a00000|100%|HC|  |TAMS 0x0000000085900000| PB 0x0000000085900000| Complete |  0
|  90|0x0000000085a00000, 0x0000000085b00000, 0x0000000085b00000|100%|HC|  |TAMS 0x0000000085a00000| PB 0x0000000085a00000| Complete |  0
|  91|0x0000000085b00000, 0x0000000085c00000, 0x0000000085c00000|100%| O|  |TAMS 0x0000000085b00000| PB 0x0000000085b00000| Untracked |  0
|  92|0x0000000085c00000, 0x0000000085d00000, 0x0000000085d00000|100%| O|  |TAMS 0x0000000085c00000| PB 0x0000000085c00000| Untracked |  0
|  93|0x0000000085d00000, 0x0000000085e00000, 0x0000000085e00000|100%| O|  |TAMS 0x0000000085d00000| PB 0x0000000085d00000| Untracked |  0
|  94|0x0000000085e00000, 0x0000000085f00000, 0x0000000085f00000|100%| O|  |TAMS 0x0000000085e00000| PB 0x0000000085e00000| Untracked |  0
|  95|0x0000000085f00000, 0x0000000086000000, 0x0000000086000000|100%| O|  |TAMS 0x0000000085f00000| PB 0x0000000085f00000| Untracked |  0
|  96|0x0000000086000000, 0x0000000086100000, 0x0000000086100000|100%| O|  |TAMS 0x0000000086000000| PB 0x0000000086000000| Untracked |  0
|  97|0x0000000086100000, 0x0000000086200000, 0x0000000086200000|100%| O|  |TAMS 0x0000000086100000| PB 0x0000000086100000| Untracked |  0
|  98|0x0000000086200000, 0x0000000086300000, 0x0000000086300000|100%| O|  |TAMS 0x0000000086200000| PB 0x0000000086200000| Untracked |  0
|  99|0x0000000086300000, 0x0000000086400000, 0x0000000086400000|100%| O|  |TAMS 0x0000000086300000| PB 0x0000000086300000| Untracked |  0
| 100|0x0000000086400000, 0x0000000086400000, 0x0000000086500000|  0%| F|  |TAMS 0x0000000086400000| PB 0x0000000086400000| Untracked |  0
| 101|0x0000000086500000, 0x0000000086600000, 0x0000000086600000|100%| O|  |TAMS 0x0000000086500000| PB 0x0000000086500000| Untracked |  0
| 102|0x0000000086600000, 0x0000000086700000, 0x0000000086700000|100%| O|  |TAMS 0x0000000086600000| PB 0x0000000086600000| Untracked |  0
| 103|0x0000000086700000, 0x0000000086800000, 0x0000000086800000|100%| O|  |TAMS 0x0000000086700000| PB 0x0000000086700000| Untracked |  0
| 104|0x0000000086800000, 0x0000000086900000, 0x0000000086900000|100%| O|  |TAMS 0x0000000086800000| PB 0x0000000086800000| Untracked |  0
| 105|0x0000000086900000, 0x0000000086a00000, 0x0000000086a00000|100%| O|  |TAMS 0x0000000086900000| PB 0x0000000086900000| Untracked |  0
| 106|0x0000000086a00000, 0x0000000086b00000, 0x0000000086b00000|100%| O|  |TAMS 0x0000000086a00000| PB 0x0000000086a00000| Untracked |  0
| 107|0x0000000086b00000, 0x0000000086c00000, 0x0000000086c00000|100%| O|  |TAMS 0x0000000086b00000| PB 0x0000000086b00000| Untracked |  0
| 108|0x0000000086c00000, 0x0000000086d00000, 0x0000000086d00000|100%| O|  |TAMS 0x0000000086c00000| PB 0x0000000086c00000| Untracked |  0
| 109|0x0000000086d00000, 0x0000000086d00000, 0x0000000086e00000|  0%| F|  |TAMS 0x0000000086d00000| PB 0x0000000086d00000| Untracked |  0
| 110|0x0000000086e00000, 0x0000000086f00000, 0x0000000086f00000|100%| O|  |TAMS 0x0000000086e00000| PB 0x0000000086e00000| Untracked |  0
| 111|0x0000000086f00000, 0x0000000087000000, 0x0000000087000000|100%| O|  |TAMS 0x0000000086f00000| PB 0x0000000086f00000| Untracked |  0
| 112|0x0000000087000000, 0x0000000087100000, 0x0000000087100000|100%| O|  |TAMS 0x0000000087000000| PB 0x0000000087000000| Untracked |  0
| 113|0x0000000087100000, 0x0000000087200000, 0x0000000087200000|100%| O|  |TAMS 0x0000000087100000| PB 0x0000000087100000| Untracked |  0
| 114|0x0000000087200000, 0x0000000087300000, 0x0000000087300000|100%| O|  |TAMS 0x0000000087200000| PB 0x0000000087200000| Untracked |  0
| 115|0x0000000087300000, 0x00000000873fcbd0, 0x0000000087400000| 98%| O|  |TAMS 0x0000000087300000| PB 0x0000000087300000| Untracked |  0
| 116|0x0000000087400000, 0x0000000087400000, 0x0000000087500000|  0%| F|  |TAMS 0x0000000087400000| PB 0x0000000087400000| Untracked |  0
| 117|0x0000000087500000, 0x0000000087500000, 0x0000000087600000|  0%| F|  |TAMS 0x0000000087500000| PB 0x0000000087500000| Untracked |  0
| 118|0x0000000087600000, 0x0000000087600000, 0x0000000087700000|  0%| F|  |TAMS 0x0000000087600000| PB 0x0000000087600000| Untracked |  0
| 119|0x0000000087700000, 0x0000000087700000, 0x0000000087800000|  0%| F|  |TAMS 0x0000000087700000| PB 0x0000000087700000| Untracked |  0
| 120|0x0000000087800000, 0x0000000087800000, 0x0000000087900000|  0%| F|  |TAMS 0x0000000087800000| PB 0x0000000087800000| Untracked |  0
| 121|0x0000000087900000, 0x00000000879d5de0, 0x0000000087a00000| 83%| S|CS|TAMS 0x0000000087900000| PB 0x0000000087900000| Complete |  0
| 122|0x0000000087a00000, 0x0000000087b00000, 0x0000000087b00000|100%| S|CS|TAMS 0x0000000087a00000| PB 0x0000000087a00000| Complete |  0
| 123|0x0000000087b00000, 0x0000000087c00000, 0x0000000087c00000|100%| S|CS|TAMS 0x0000000087b00000| PB 0x0000000087b00000| Complete |  0
| 124|0x0000000087c00000, 0x0000000087d00000, 0x0000000087d00000|100%| S|CS|TAMS 0x0000000087c00000| PB 0x0000000087c00000| Complete |  0
| 125|0x0000000087d00000, 0x0000000087e00000, 0x0000000087e00000|100%| S|CS|TAMS 0x0000000087d00000| PB 0x0000000087d00000| Complete |  0
| 126|0x0000000087e00000, 0x0000000087f00000, 0x0000000087f00000|100%| S|CS|TAMS 0x0000000087e00000| PB 0x0000000087e00000| Complete |  0
| 127|0x0000000087f00000, 0x0000000088000000, 0x0000000088000000|100%| S|CS|TAMS 0x0000000087f00000| PB 0x0000000087f00000| Complete |  0
| 128|0x0000000088000000, 0x0000000088100000, 0x0000000088100000|100%| S|CS|TAMS 0x0000000088000000| PB 0x0000000088000000| Complete |  0
| 129|0x0000000088100000, 0x0000000088100000, 0x0000000088200000|  0%| F|  |TAMS 0x0000000088100000| PB 0x0000000088100000| Untracked |  0
| 130|0x0000000088200000, 0x0000000088200000, 0x0000000088300000|  0%| F|  |TAMS 0x0000000088200000| PB 0x0000000088200000| Untracked |  0
| 131|0x0000000088300000, 0x0000000088300000, 0x0000000088400000|  0%| F|  |TAMS 0x0000000088300000| PB 0x0000000088300000| Untracked |  0
| 132|0x0000000088400000, 0x0000000088400000, 0x0000000088500000|  0%| F|  |TAMS 0x0000000088400000| PB 0x0000000088400000| Untracked |  0
| 133|0x0000000088500000, 0x0000000088500000, 0x0000000088600000|  0%| F|  |TAMS 0x0000000088500000| PB 0x0000000088500000| Untracked |  0
| 134|0x0000000088600000, 0x0000000088600000, 0x0000000088700000|  0%| F|  |TAMS 0x0000000088600000| PB 0x0000000088600000| Untracked |  0
| 135|0x0000000088700000, 0x0000000088700000, 0x0000000088800000|  0%| F|  |TAMS 0x0000000088700000| PB 0x0000000088700000| Untracked |  0
| 136|0x0000000088800000, 0x0000000088800000, 0x0000000088900000|  0%| F|  |TAMS 0x0000000088800000| PB 0x0000000088800000| Untracked |  0
| 137|0x0000000088900000, 0x0000000088900000, 0x0000000088a00000|  0%| F|  |TAMS 0x0000000088900000| PB 0x0000000088900000| Untracked |  0
| 138|0x0000000088a00000, 0x0000000088a00000, 0x0000000088b00000|  0%| F|  |TAMS 0x0000000088a00000| PB 0x0000000088a00000| Untracked |  0
| 139|0x0000000088b00000, 0x0000000088b00000, 0x0000000088c00000|  0%| F|  |TAMS 0x0000000088b00000| PB 0x0000000088b00000| Untracked |  0
| 140|0x0000000088c00000, 0x0000000088c00000, 0x0000000088d00000|  0%| F|  |TAMS 0x0000000088c00000| PB 0x0000000088c00000| Untracked |  0
| 141|0x0000000088d00000, 0x0000000088d00000, 0x0000000088e00000|  0%| F|  |TAMS 0x0000000088d00000| PB 0x0000000088d00000| Untracked |  0
| 142|0x0000000088e00000, 0x0000000088e00000, 0x0000000088f00000|  0%| F|  |TAMS 0x0000000088e00000| PB 0x0000000088e00000| Untracked |  0
| 143|0x0000000088f00000, 0x0000000088f00000, 0x0000000089000000|  0%| F|  |TAMS 0x0000000088f00000| PB 0x0000000088f00000| Untracked |  0
| 144|0x0000000089000000, 0x0000000089000000, 0x0000000089100000|  0%| F|  |TAMS 0x0000000089000000| PB 0x0000000089000000| Untracked |  0
| 145|0x0000000089100000, 0x0000000089100000, 0x0000000089200000|  0%| F|  |TAMS 0x0000000089100000| PB 0x0000000089100000| Untracked |  0
| 146|0x0000000089200000, 0x0000000089200000, 0x0000000089300000|  0%| F|  |TAMS 0x0000000089200000| PB 0x0000000089200000| Untracked |  0
| 147|0x0000000089300000, 0x0000000089300000, 0x0000000089400000|  0%| F|  |TAMS 0x0000000089300000| PB 0x0000000089300000| Untracked |  0
| 148|0x0000000089400000, 0x0000000089400000, 0x0000000089500000|  0%| F|  |TAMS 0x0000000089400000| PB 0x0000000089400000| Untracked |  0
| 149|0x0000000089500000, 0x0000000089500000, 0x0000000089600000|  0%| F|  |TAMS 0x0000000089500000| PB 0x0000000089500000| Untracked |  0
| 150|0x0000000089600000, 0x0000000089600000, 0x0000000089700000|  0%| F|  |TAMS 0x0000000089600000| PB 0x0000000089600000| Untracked |  0
| 151|0x0000000089700000, 0x0000000089700000, 0x0000000089800000|  0%| F|  |TAMS 0x0000000089700000| PB 0x0000000089700000| Untracked |  0
| 152|0x0000000089800000, 0x0000000089800000, 0x0000000089900000|  0%| F|  |TAMS 0x0000000089800000| PB 0x0000000089800000| Untracked |  0
| 153|0x0000000089900000, 0x0000000089900000, 0x0000000089a00000|  0%| F|  |TAMS 0x0000000089900000| PB 0x0000000089900000| Untracked |  0
| 154|0x0000000089a00000, 0x0000000089a00000, 0x0000000089b00000|  0%| F|  |TAMS 0x0000000089a00000| PB 0x0000000089a00000| Untracked |  0
| 155|0x0000000089b00000, 0x0000000089b00000, 0x0000000089c00000|  0%| F|  |TAMS 0x0000000089b00000| PB 0x0000000089b00000| Untracked |  0
| 156|0x0000000089c00000, 0x0000000089c00000, 0x0000000089d00000|  0%| F|  |TAMS 0x0000000089c00000| PB 0x0000000089c00000| Untracked |  0
| 157|0x0000000089d00000, 0x0000000089d00000, 0x0000000089e00000|  0%| F|  |TAMS 0x0000000089d00000| PB 0x0000000089d00000| Untracked |  0
| 158|0x0000000089e00000, 0x0000000089e00000, 0x0000000089f00000|  0%| F|  |TAMS 0x0000000089e00000| PB 0x0000000089e00000| Untracked |  0
| 159|0x0000000089f00000, 0x0000000089f00000, 0x000000008a000000|  0%| F|  |TAMS 0x0000000089f00000| PB 0x0000000089f00000| Untracked |  0
| 160|0x000000008a000000, 0x000000008a000000, 0x000000008a100000|  0%| F|  |TAMS 0x000000008a000000| PB 0x000000008a000000| Untracked |  0
| 161|0x000000008a100000, 0x000000008a100000, 0x000000008a200000|  0%| F|  |TAMS 0x000000008a100000| PB 0x000000008a100000| Untracked |  0
| 162|0x000000008a200000, 0x000000008a200000, 0x000000008a300000|  0%| F|  |TAMS 0x000000008a200000| PB 0x000000008a200000| Untracked |  0
| 163|0x000000008a300000, 0x000000008a300000, 0x000000008a400000|  0%| F|  |TAMS 0x000000008a300000| PB 0x000000008a300000| Untracked |  0
| 164|0x000000008a400000, 0x000000008a400000, 0x000000008a500000|  0%| F|  |TAMS 0x000000008a400000| PB 0x000000008a400000| Untracked |  0
| 165|0x000000008a500000, 0x000000008a500000, 0x000000008a600000|  0%| F|  |TAMS 0x000000008a500000| PB 0x000000008a500000| Untracked |  0
| 166|0x000000008a600000, 0x000000008a600000, 0x000000008a700000|  0%| F|  |TAMS 0x000000008a600000| PB 0x000000008a600000| Untracked |  0
| 167|0x000000008a700000, 0x000000008a700000, 0x000000008a800000|  0%| F|  |TAMS 0x000000008a700000| PB 0x000000008a700000| Untracked |  0
| 168|0x000000008a800000, 0x000000008a800000, 0x000000008a900000|  0%| F|  |TAMS 0x000000008a800000| PB 0x000000008a800000| Untracked |  0
| 169|0x000000008a900000, 0x000000008a900000, 0x000000008aa00000|  0%| F|  |TAMS 0x000000008a900000| PB 0x000000008a900000| Untracked |  0
| 170|0x000000008aa00000, 0x000000008aa00000, 0x000000008ab00000|  0%| F|  |TAMS 0x000000008aa00000| PB 0x000000008aa00000| Untracked |  0
| 171|0x000000008ab00000, 0x000000008ab00000, 0x000000008ac00000|  0%| F|  |TAMS 0x000000008ab00000| PB 0x000000008ab00000| Untracked |  0
| 172|0x000000008ac00000, 0x000000008ac00000, 0x000000008ad00000|  0%| F|  |TAMS 0x000000008ac00000| PB 0x000000008ac00000| Untracked |  0
| 173|0x000000008ad00000, 0x000000008ad00000, 0x000000008ae00000|  0%| F|  |TAMS 0x000000008ad00000| PB 0x000000008ad00000| Untracked |  0
| 174|0x000000008ae00000, 0x000000008ae00000, 0x000000008af00000|  0%| F|  |TAMS 0x000000008ae00000| PB 0x000000008ae00000| Untracked |  0
| 175|0x000000008af00000, 0x000000008af00000, 0x000000008b000000|  0%| F|  |TAMS 0x000000008af00000| PB 0x000000008af00000| Untracked |  0
| 176|0x000000008b000000, 0x000000008b000000, 0x000000008b100000|  0%| F|  |TAMS 0x000000008b000000| PB 0x000000008b000000| Untracked |  0
| 177|0x000000008b100000, 0x000000008b100000, 0x000000008b200000|  0%| F|  |TAMS 0x000000008b100000| PB 0x000000008b100000| Untracked |  0
| 178|0x000000008b200000, 0x000000008b200000, 0x000000008b300000|  0%| F|  |TAMS 0x000000008b200000| PB 0x000000008b200000| Untracked |  0
| 179|0x000000008b300000, 0x000000008b300000, 0x000000008b400000|  0%| F|  |TAMS 0x000000008b300000| PB 0x000000008b300000| Untracked |  0
| 180|0x000000008b400000, 0x000000008b400000, 0x000000008b500000|  0%| F|  |TAMS 0x000000008b400000| PB 0x000000008b400000| Untracked |  0
| 181|0x000000008b500000, 0x000000008b500000, 0x000000008b600000|  0%| F|  |TAMS 0x000000008b500000| PB 0x000000008b500000| Untracked |  0
| 182|0x000000008b600000, 0x000000008b698698, 0x000000008b700000| 59%| E|  |TAMS 0x000000008b600000| PB 0x000000008b600000| Complete |  0
| 183|0x000000008b700000, 0x000000008b800000, 0x000000008b800000|100%| E|CS|TAMS 0x000000008b700000| PB 0x000000008b700000| Complete |  0
| 184|0x000000008b800000, 0x000000008b900000, 0x000000008b900000|100%| E|  |TAMS 0x000000008b800000| PB 0x000000008b800000| Complete |  0
| 185|0x000000008b900000, 0x000000008ba00000, 0x000000008ba00000|100%| E|CS|TAMS 0x000000008b900000| PB 0x000000008b900000| Complete |  0
| 186|0x000000008ba00000, 0x000000008bb00000, 0x000000008bb00000|100%| E|CS|TAMS 0x000000008ba00000| PB 0x000000008ba00000| Complete |  0
| 187|0x000000008bb00000, 0x000000008bc00000, 0x000000008bc00000|100%| E|CS|TAMS 0x000000008bb00000| PB 0x000000008bb00000| Complete |  0
| 188|0x000000008bc00000, 0x000000008bd00000, 0x000000008bd00000|100%| E|CS|TAMS 0x000000008bc00000| PB 0x000000008bc00000| Complete |  0
| 189|0x000000008bd00000, 0x000000008be00000, 0x000000008be00000|100%| E|CS|TAMS 0x000000008bd00000| PB 0x000000008bd00000| Complete |  0
| 190|0x000000008be00000, 0x000000008bf00000, 0x000000008bf00000|100%| E|CS|TAMS 0x000000008be00000| PB 0x000000008be00000| Complete |  0
| 191|0x000000008bf00000, 0x000000008c000000, 0x000000008c000000|100%| E|CS|TAMS 0x000000008bf00000| PB 0x000000008bf00000| Complete |  0
|2045|0x00000000ffd00000, 0x00000000ffe00000, 0x00000000ffe00000|100%| E|CS|TAMS 0x00000000ffd00000| PB 0x00000000ffd00000| Complete |  0
|2046|0x00000000ffe00000, 0x00000000fff00000, 0x00000000fff00000|100%| O|  |TAMS 0x00000000ffe00000| PB 0x00000000ffe00000| Untracked |  0
|2047|0x00000000fff00000, 0x0000000100000000, 0x0000000100000000|100%| O|  |TAMS 0x00000000fff00000| PB 0x00000000fff00000| Untracked |  0

Card table byte_map: [0x000001db9bb70000,0x000001db9bf70000] _byte_map_base: 0x000001db9b770000

Marking Bits: (CMBitMap*) 0x000001db8414f410
 Bits: [0x000001db9bf70000, 0x000001db9df70000)

Polling page: 0x000001db838b0000

Metaspace:

Usage:
  Non-class:     88.53 MB used.
      Class:     14.54 MB used.
       Both:    103.07 MB used.

Virtual space:
  Non-class space:      128.00 MB reserved,      89.69 MB ( 70%) committed,  2 nodes.
      Class space:        1.00 GB reserved,      15.56 MB (  2%) committed,  1 nodes.
             Both:        1.12 GB reserved,     105.25 MB (  9%) committed. 

Chunk freelists:
   Non-Class:  5.78 MB
       Class:  256.00 KB
        Both:  6.03 MB

MaxMetaspaceSize: unlimited
CompressedClassSpaceSize: 1.00 GB
Initial GC threshold: 21.00 MB
Current GC threshold: 169.81 MB
CDS: on
 - commit_granule_bytes: 65536.
 - commit_granule_words: 8192.
 - virtual_space_node_default_size: 8388608.
 - enlarge_chunks_in_place: 1.
 - use_allocation_guard: 0.


Internal statistics:

num_allocs_failed_limit: 19.
num_arena_births: 3888.
num_arena_deaths: 0.
num_vsnodes_births: 3.
num_vsnodes_deaths: 0.
num_space_committed: 1683.
num_space_uncommitted: 0.
num_chunks_returned_to_freelist: 19.
num_chunks_taken_from_freelist: 8282.
num_chunk_merges: 16.
num_chunk_splits: 5503.
num_chunks_enlarged: 3604.
num_inconsistent_stats: 0.

CodeHeap 'non-profiled nmethods': size=120000Kb used=8418Kb max_used=8418Kb free=111581Kb
 bounds [0x000001db93f10000, 0x000001db94750000, 0x000001db9b440000]
CodeHeap 'profiled nmethods': size=120000Kb used=23659Kb max_used=23659Kb free=96340Kb
 bounds [0x000001db8c440000, 0x000001db8db60000, 0x000001db93970000]
CodeHeap 'non-nmethods': size=5760Kb used=2503Kb max_used=2552Kb free=3256Kb
 bounds [0x000001db93970000, 0x000001db93c00000, 0x000001db93f10000]
 total_blobs=13660 nmethods=12730 adapters=834
 compilation: enabled
              stopped_count=0, restarted_count=0
 full_count=0

Compilation events (20 events):
Event: 21.832 Thread 0x000001dba0b32bb0 nmethod 14885 0x000001db8db36d90 code [0x000001db8db36f60, 0x000001db8db37438]
Event: 21.832 Thread 0x000001dba0b32bb0 14886       3       java.io.SerialCallbackContext::checkAndSetUsed (26 bytes)
Event: 21.832 Thread 0x000001dba0b32bb0 nmethod 14886 0x000001db8db37590 code [0x000001db8db37740, 0x000001db8db37958]
Event: 21.832 Thread 0x000001dba0b32bb0 14887       3       java.io.SerialCallbackContext::getObj (9 bytes)
Event: 21.832 Thread 0x000001dba0b32bb0 nmethod 14887 0x000001db8db37a10 code [0x000001db8db37bc0, 0x000001db8db37e40]
Event: 21.833 Thread 0x000001dba0b32bb0 14888       3       java.io.ObjectOutputStream$BlockDataOutputStream::writeBlockHeader (70 bytes)
Event: 21.833 Thread 0x000001dba0b32bb0 nmethod 14888 0x000001db8db37f10 code [0x000001db8db38140, 0x000001db8db38978]
Event: 21.837 Thread 0x000001dba0b32bb0 14889   !   3       java.io.ObjectStreamClass::getPrivateMethod (56 bytes)
Event: 21.837 Thread 0x000001dba0b32bb0 nmethod 14889 0x000001db8db38d10 code [0x000001db8db38f40, 0x000001db8db395c0]
Event: 21.840 Thread 0x000001dba0b32bb0 14890       3       org.gradle.internal.resources.DefaultResourceLockCoordinationService$1::<init> (15 bytes)
Event: 21.840 Thread 0x000001dba0b32bb0 nmethod 14890 0x000001db8db39910 code [0x000001db8db39ac0, 0x000001db8db39ce0]
Event: 21.841 Thread 0x000001dba0b32bb0 14891       1       org.gradle.internal.properties.InputBehavior::shouldSkipWhenEmpty (5 bytes)
Event: 21.841 Thread 0x000001dba0b32bb0 nmethod 14891 0x000001db9471cf10 code [0x000001db9471d0a0, 0x000001db9471d170]
Event: 21.841 Thread 0x000001dba0b32bb0 14892       3       org.gradle.api.internal.FilePropertyContainer::iterator (106 bytes)
Event: 21.842 Thread 0x000001dba0b32bb0 nmethod 14892 0x000001db8db39d90 code [0x000001db8db3a080, 0x000001db8db3b118]
Event: 21.842 Thread 0x000001dba0b32bb0 14894       3       java.util.stream.ReferencePipeline::findFirst (12 bytes)
Event: 21.843 Thread 0x000001dba0b32bb0 nmethod 14894 0x000001db8db3b610 code [0x000001db8db3b7c0, 0x000001db8db3ba58]
Event: 21.843 Thread 0x000001dba0b32bb0 14893       3       org.gradle.internal.resources.DefaultResourceLockCoordinationService::withStateLock (15 bytes)
Event: 21.843 Thread 0x000001dba0b32bb0 nmethod 14893 0x000001db8db3bb10 code [0x000001db8db3bce0, 0x000001db8db3c010]
Event: 21.845 Thread 0x000001dba0b32bb0 14896       3       java.io.ObjectInputStream::skipCustomData (105 bytes)

GC Heap History (20 events):
Event: 15.166 GC heap before
{Heap before GC invocations=31 (full 0):
 garbage-first heap   total reserved 2097152K, committed 158720K, used 129915K [0x0000000080000000, 0x0000000100000000)
  region size 1024K, 37 young (37888K), 2 survivors (2048K)
 Metaspace       used 84555K, committed 86528K, reserved 1179648K
  class space    used 11857K, committed 12800K, reserved 1048576K
}
Event: 15.169 GC heap after
{Heap after GC invocations=32 (full 0):
 garbage-first heap   total reserved 2097152K, committed 158720K, used 95147K [0x0000000080000000, 0x0000000100000000)
  region size 1024K, 3 young (3072K), 3 survivors (3072K)
 Metaspace       used 84555K, committed 86528K, reserved 1179648K
  class space    used 11857K, committed 12800K, reserved 1048576K
}
Event: 15.714 GC heap before
{Heap before GC invocations=32 (full 0):
 garbage-first heap   total reserved 2097152K, committed 158720K, used 144299K [0x0000000080000000, 0x0000000100000000)
  region size 1024K, 51 young (52224K), 3 survivors (3072K)
 Metaspace       used 88051K, committed 90112K, reserved 1179648K
  class space    used 12511K, committed 13504K, reserved 1048576K
}
Event: 15.718 GC heap after
{Heap after GC invocations=33 (full 0):
 garbage-first heap   total reserved 2097152K, committed 158720K, used 96876K [0x0000000080000000, 0x0000000100000000)
  region size 1024K, 5 young (5120K), 5 survivors (5120K)
 Metaspace       used 88051K, committed 90112K, reserved 1179648K
  class space    used 12511K, committed 13504K, reserved 1048576K
}
Event: 16.333 GC heap before
{Heap before GC invocations=33 (full 0):
 garbage-first heap   total reserved 2097152K, committed 158720K, used 142956K [0x0000000080000000, 0x0000000100000000)
  region size 1024K, 50 young (51200K), 5 survivors (5120K)
 Metaspace       used 91288K, committed 93440K, reserved 1179648K
  class space    used 12994K, committed 14016K, reserved 1048576K
}
Event: 16.339 GC heap after
{Heap after GC invocations=34 (full 0):
 garbage-first heap   total reserved 2097152K, committed 158720K, used 99620K [0x0000000080000000, 0x0000000100000000)
  region size 1024K, 6 young (6144K), 6 survivors (6144K)
 Metaspace       used 91288K, committed 93440K, reserved 1179648K
  class space    used 12994K, committed 14016K, reserved 1048576K
}
Event: 17.249 GC heap before
{Heap before GC invocations=35 (full 0):
 garbage-first heap   total reserved 2097152K, committed 167936K, used 142628K [0x0000000080000000, 0x0000000100000000)
  region size 1024K, 48 young (49152K), 6 survivors (6144K)
 Metaspace       used 94420K, committed 96640K, reserved 1179648K
  class space    used 13504K, committed 14592K, reserved 1048576K
}
Event: 17.254 GC heap after
{Heap after GC invocations=36 (full 0):
 garbage-first heap   total reserved 2097152K, committed 167936K, used 101758K [0x0000000080000000, 0x0000000100000000)
  region size 1024K, 5 young (5120K), 5 survivors (5120K)
 Metaspace       used 94420K, committed 96640K, reserved 1179648K
  class space    used 13504K, committed 14592K, reserved 1048576K
}
Event: 18.069 GC heap before
{Heap before GC invocations=36 (full 0):
 garbage-first heap   total reserved 2097152K, committed 167936K, used 152958K [0x0000000080000000, 0x0000000100000000)
  region size 1024K, 55 young (56320K), 5 survivors (5120K)
 Metaspace       used 97492K, committed 99712K, reserved 1179648K
  class space    used 13909K, committed 14976K, reserved 1048576K
}
Event: 18.076 GC heap after
{Heap after GC invocations=37 (full 0):
 garbage-first heap   total reserved 2097152K, committed 167936K, used 105099K [0x0000000080000000, 0x0000000100000000)
  region size 1024K, 6 young (6144K), 6 survivors (6144K)
 Metaspace       used 97492K, committed 99712K, reserved 1179648K
  class space    used 13909K, committed 14976K, reserved 1048576K
}
Event: 18.390 GC heap before
{Heap before GC invocations=37 (full 0):
 garbage-first heap   total reserved 2097152K, committed 167936K, used 127627K [0x0000000080000000, 0x0000000100000000)
  region size 1024K, 30 young (30720K), 6 survivors (6144K)
 Metaspace       used 98873K, committed 101056K, reserved 1179648K
  class space    used 14040K, committed 15104K, reserved 1048576K
}
Event: 18.397 GC heap after
{Heap after GC invocations=38 (full 0):
 garbage-first heap   total reserved 2097152K, committed 167936K, used 109959K [0x0000000080000000, 0x0000000100000000)
  region size 1024K, 5 young (5120K), 5 survivors (5120K)
 Metaspace       used 98873K, committed 101056K, reserved 1179648K
  class space    used 14040K, committed 15104K, reserved 1048576K
}
Event: 19.176 GC heap before
{Heap before GC invocations=39 (full 0):
 garbage-first heap   total reserved 2097152K, committed 193536K, used 156039K [0x0000000080000000, 0x0000000100000000)
  region size 1024K, 46 young (47104K), 5 survivors (5120K)
 Metaspace       used 101516K, committed 103744K, reserved 1179648K
  class space    used 14336K, committed 15424K, reserved 1048576K
}
Event: 19.183 GC heap after
{Heap after GC invocations=40 (full 0):
 garbage-first heap   total reserved 2097152K, committed 193536K, used 114494K [0x0000000080000000, 0x0000000100000000)
  region size 1024K, 5 young (5120K), 5 survivors (5120K)
 Metaspace       used 101516K, committed 103744K, reserved 1179648K
  class space    used 14336K, committed 15424K, reserved 1048576K
}
Event: 19.939 GC heap before
{Heap before GC invocations=40 (full 0):
 garbage-first heap   total reserved 2097152K, committed 193536K, used 174910K [0x0000000080000000, 0x0000000100000000)
  region size 1024K, 65 young (66560K), 5 survivors (5120K)
 Metaspace       used 101870K, committed 104064K, reserved 1179648K
  class space    used 14407K, committed 15488K, reserved 1048576K
}
Event: 19.946 GC heap after
{Heap after GC invocations=41 (full 0):
 garbage-first heap   total reserved 2097152K, committed 193536K, used 116860K [0x0000000080000000, 0x0000000100000000)
  region size 1024K, 8 young (8192K), 8 survivors (8192K)
 Metaspace       used 101870K, committed 104064K, reserved 1179648K
  class space    used 14407K, committed 15488K, reserved 1048576K
}
Event: 20.647 GC heap before
{Heap before GC invocations=41 (full 0):
 garbage-first heap   total reserved 2097152K, committed 193536K, used 173180K [0x0000000080000000, 0x0000000100000000)
  region size 1024K, 64 young (65536K), 8 survivors (8192K)
 Metaspace       used 102107K, committed 104320K, reserved 1179648K
  class space    used 14437K, committed 15488K, reserved 1048576K
}
Event: 20.654 GC heap after
{Heap after GC invocations=42 (full 0):
 garbage-first heap   total reserved 2097152K, committed 193536K, used 119745K [0x0000000080000000, 0x0000000100000000)
  region size 1024K, 6 young (6144K), 6 survivors (6144K)
 Metaspace       used 102107K, committed 104320K, reserved 1179648K
  class space    used 14437K, committed 15488K, reserved 1048576K
}
Event: 21.208 GC heap before
{Heap before GC invocations=43 (full 0):
 garbage-first heap   total reserved 2097152K, committed 199680K, used 175041K [0x0000000080000000, 0x0000000100000000)
  region size 1024K, 61 young (62464K), 6 survivors (6144K)
 Metaspace       used 102418K, committed 104640K, reserved 1179648K
  class space    used 14468K, committed 15552K, reserved 1048576K
}
Event: 21.214 GC heap after
{Heap after GC invocations=44 (full 0):
 garbage-first heap   total reserved 2097152K, committed 199680K, used 122734K [0x0000000080000000, 0x0000000100000000)
  region size 1024K, 6 young (6144K), 6 survivors (6144K)
 Metaspace       used 102418K, committed 104640K, reserved 1179648K
  class space    used 14468K, committed 15552K, reserved 1048576K
}

Dll operation events (15 events):
Event: 0.013 Loaded shared library C:\Program Files\Java\jdk-22\bin\java.dll
Event: 0.041 Loaded shared library C:\Program Files\Java\jdk-22\bin\jsvml.dll
Event: 0.079 Loaded shared library C:\Program Files\Java\jdk-22\bin\zip.dll
Event: 0.083 Loaded shared library C:\Program Files\Java\jdk-22\bin\instrument.dll
Event: 0.087 Loaded shared library C:\Program Files\Java\jdk-22\bin\net.dll
Event: 0.089 Loaded shared library C:\Program Files\Java\jdk-22\bin\nio.dll
Event: 0.093 Loaded shared library C:\Program Files\Java\jdk-22\bin\zip.dll
Event: 0.351 Loaded shared library C:\Program Files\Java\jdk-22\bin\jimage.dll
Event: 0.439 Loaded shared library C:\Program Files\Java\jdk-22\bin\verify.dll
Event: 0.575 Loaded shared library C:\Users\ymytr\.gradle\native\c067742578af261105cb4f569cf0c3c89f3d7b1fecec35dd04571415982c5e48\windows-amd64\native-platform.dll
Event: 0.591 Loaded shared library C:\Users\ymytr\.gradle\native\100fb08df4bc3b14c8652ba06237920a3bd2aa13389f12d3474272988ae205f9\windows-amd64\native-platform-file-events.dll
Event: 1.446 Loaded shared library C:\Program Files\Java\jdk-22\bin\management.dll
Event: 1.450 Loaded shared library C:\Program Files\Java\jdk-22\bin\management_ext.dll
Event: 1.622 Loaded shared library C:\Program Files\Java\jdk-22\bin\extnet.dll
Event: 1.746 Loaded shared library C:\Program Files\Java\jdk-22\bin\sunmscapi.dll

Deoptimization events (20 events):
Event: 21.840 Thread 0x000001dbea504d50 Uncommon trap: trap_request=0xffffffc6 fr.pc=0x000001db9461eb94 relative=0x00000000000005f4
Event: 21.840 Thread 0x000001dbea504d50 Uncommon trap: reason=bimorphic_or_optimized_type_check action=maybe_recompile pc=0x000001db9461eb94 method=java.util.concurrent.FutureTask.run()V @ 39 c2
Event: 21.840 Thread 0x000001dbea504d50 DEOPT PACKING pc=0x000001db9461eb94 sp=0x00000068392fee00
Event: 21.840 Thread 0x000001dbea504d50 DEOPT UNPACKING pc=0x000001db939c7da2 sp=0x00000068392feda0 mode 2
Event: 21.840 Thread 0x000001dbecdfc2e0 Uncommon trap: trap_request=0xffffffc6 fr.pc=0x000001db945468d4 relative=0x0000000000000cd4
Event: 21.840 Thread 0x000001dbecdfc2e0 Uncommon trap: reason=bimorphic_or_optimized_type_check action=maybe_recompile pc=0x000001db945468d4 method=com.google.common.collect.AbstractMapBasedMultimap.get(Ljava/lang/Object;)Ljava/util/Collection; @ 5 c2
Event: 21.840 Thread 0x000001dbecdfc2e0 DEOPT PACKING pc=0x000001db945468d4 sp=0x00000068353fba20
Event: 21.840 Thread 0x000001dbecdfc2e0 DEOPT UNPACKING pc=0x000001db939c7da2 sp=0x00000068353fb9a8 mode 2
Event: 21.844 Thread 0x000001dbea504d50 Uncommon trap: trap_request=0xffffff54 fr.pc=0x000001db946bf4f8 relative=0x0000000000000118
Event: 21.844 Thread 0x000001dbea504d50 Uncommon trap: reason=speculate_null_assert action=make_not_entrant pc=0x000001db946bf4f8 method=org.gradle.internal.operations.DefaultBuildOperationRunner.execute(Lorg/gradle/internal/operations/BuildOperationDescriptor$Builder;Lorg/gradle/internal/opera
Event: 21.844 Thread 0x000001dbea504d50 DEOPT PACKING pc=0x000001db946bf4f8 sp=0x00000068392feac0
Event: 21.844 Thread 0x000001dbea504d50 DEOPT UNPACKING pc=0x000001db939c7da2 sp=0x00000068392fea20 mode 2
Event: 21.844 Thread 0x000001dbea504d50 Uncommon trap: trap_request=0xffffff45 fr.pc=0x000001db946bccd4 relative=0x0000000000000694
Event: 21.844 Thread 0x000001dbea504d50 Uncommon trap: reason=unstable_if action=reinterpret pc=0x000001db946bccd4 method=org.gradle.internal.operations.BuildOperationDescriptor$Builder.build(Lorg/gradle/internal/operations/OperationIdentifier;Lorg/gradle/internal/operations/OperationIdentifier
Event: 21.844 Thread 0x000001dbea504d50 DEOPT PACKING pc=0x000001db946bccd4 sp=0x00000068392fe9c0
Event: 21.844 Thread 0x000001dbea504d50 DEOPT UNPACKING pc=0x000001db939c7da2 sp=0x00000068392fe998 mode 2
Event: 21.844 Thread 0x000001dbea504d50 Uncommon trap: trap_request=0xffffff45 fr.pc=0x000001db941be1a4 relative=0x0000000000000e64
Event: 21.844 Thread 0x000001dbea504d50 Uncommon trap: reason=unstable_if action=reinterpret pc=0x000001db941be1a4 method=org.gradle.tooling.internal.provider.runner.ClientBuildEventGenerator$Disabled.accept(Lorg/gradle/internal/operations/BuildOperationDescriptor;)Lorg/gradle/tooling/internal/
Event: 21.844 Thread 0x000001dbea504d50 DEOPT PACKING pc=0x000001db941be1a4 sp=0x00000068392fe8b0
Event: 21.844 Thread 0x000001dbea504d50 DEOPT UNPACKING pc=0x000001db939c7da2 sp=0x00000068392fe800 mode 2

Classes loaded (20 events):
Event: 18.680 Loading class java/io/SequenceInputStream
Event: 18.680 Loading class java/io/SequenceInputStream done
Event: 18.687 Loading class java/util/function/IntUnaryOperator
Event: 18.687 Loading class java/util/function/IntUnaryOperator done
Event: 19.745 Loading class java/util/stream/ReferencePipeline$4
Event: 19.745 Loading class java/util/stream/ReferencePipeline$4 done
Event: 19.746 Loading class java/util/function/IntBinaryOperator
Event: 19.746 Loading class java/util/function/IntBinaryOperator done
Event: 19.746 Loading class java/util/stream/ReduceOps$6
Event: 19.746 Loading class java/util/stream/ReduceOps$6 done
Event: 19.746 Loading class java/util/stream/ReduceOps$5ReducingSink
Event: 19.747 Loading class java/util/stream/ReduceOps$5ReducingSink done
Event: 19.747 Loading class java/util/stream/ReferencePipeline$4$1
Event: 19.747 Loading class java/util/stream/ReferencePipeline$4$1 done
Event: 21.274 Loading class java/nio/file/FileTreeWalker$1
Event: 21.274 Loading class java/nio/file/FileTreeWalker$1 done
Event: 21.579 Loading class java/io/NotSerializableException
Event: 21.579 Loading class java/io/NotSerializableException done
Event: 21.809 Loading class java/nio/file/TempFileHelper
Event: 21.809 Loading class java/nio/file/TempFileHelper done

Classes unloaded (0 events):
No events

Classes redefined (0 events):
No events

Internal exceptions (20 events):
Event: 18.581 Thread 0x000001dbe6c78a40 Exception <a 'java/lang/NoSuchMethodError'{0x000000008b089ad0}: static [Ljava/lang/String;.<clinit>()V> (0x000000008b089ad0) 
thrown [s\open\src\hotspot\share\prims\jni.cpp, line 1111]
Event: 18.582 Thread 0x000001dbe6c78a40 Exception <a 'java/lang/NoSuchMethodError'{0x000000008b092eb0}: static Lcom/android/buildanalyzer/common/AndroidGradlePluginAttributionData$TaskInfo;.<clinit>()V> (0x000000008b092eb0) 
thrown [s\open\src\hotspot\share\prims\jni.cpp, line 1111]
Event: 18.582 Thread 0x000001dbe6c78a40 Exception <a 'java/lang/NoSuchMethodError'{0x000000008b09d3f8}: static Lcom/android/buildanalyzer/common/AndroidGradlePluginAttributionData$TaskCategoryInfo;.<clinit>()V> (0x000000008b09d3f8) 
thrown [s\open\src\hotspot\share\prims\jni.cpp, line 1111]
Event: 18.603 Thread 0x000001dbe975c420 Exception <a 'sun/nio/fs/WindowsException'{0x000000008af76440}> (0x000000008af76440) 
thrown [s\open\src\hotspot\share\prims\jni.cpp, line 520]
Event: 18.625 Thread 0x000001dbe781f540 Exception <a 'java/lang/NoSuchMethodError'{0x000000008ad00eb0}: static Lorg/gradle/internal/build/event/types/DefaultTaskSkippedResult;.<clinit>()V> (0x000000008ad00eb0) 
thrown [s\open\src\hotspot\share\prims\jni.cpp, line 1111]
Event: 18.643 Thread 0x000001dbe975c420 Exception <a 'java/lang/IncompatibleClassChangeError'{0x000000008ad78ac8}: Found class java.lang.Object, but interface was expected> (0x000000008ad78ac8) 
thrown [s\open\src\hotspot\share\interpreter\linkResolver.cpp, line 841]
Event: 18.687 Thread 0x000001dbe975c420 Exception <a 'java/lang/NoSuchMethodError'{0x000000008aba9b70}: 'int java.lang.invoke.DirectMethodHandle$Holder.invokeSpecial(java.lang.Object, java.lang.Object, int)'> (0x000000008aba9b70) 
thrown [s\open\src\hotspot\share\interpreter\linkResolver.cpp, line 774]
Event: 19.698 Thread 0x000001dbe975c420 Exception <a 'java/lang/NoSuchMethodError'{0x0000000088ab3a38}: 'int java.lang.invoke.DirectMethodHandle$Holder.invokeStaticInit(java.lang.Object, java.lang.Object, java.lang.Object, java.lang.Object, java.lang.Object)'> (0x0000000088ab3a38) 
thrown [s\open\src\hotspot\share\interpreter\linkResolver.cpp, line 774]
Event: 20.529 Thread 0x000001dbecdfc2e0 Exception <a 'java/lang/NoSuchMethodError'{0x00000000895fcde0}: static Lcom/android/build/gradle/internal/scope/InternalArtifactType;.<clinit>()V> (0x00000000895fcde0) 
thrown [s\open\src\hotspot\share\prims\jni.cpp, line 1111]
Event: 20.529 Thread 0x000001dbecdfc2e0 Exception <a 'java/lang/NoSuchMethodError'{0x00000000895fe410}: static Lcom/android/build/gradle/internal/scope/InternalArtifactType;.<clinit>()V> (0x00000000895fe410) 
thrown [s\open\src\hotspot\share\prims\jni.cpp, line 1111]
Event: 20.529 Thread 0x000001dbecdfc2e0 Exception <a 'java/lang/NoSuchMethodError'{0x0000000089401e38}: static Lcom/android/build/api/artifact/Artifact$Single;.<clinit>()V> (0x0000000089401e38) 
thrown [s\open\src\hotspot\share\prims\jni.cpp, line 1111]
Event: 20.530 Thread 0x000001dbecdfc2e0 Exception <a 'java/lang/NoSuchMethodError'{0x0000000089403fd0}: static Ljava/lang/Object;.<clinit>()V> (0x0000000089403fd0) 
thrown [s\open\src\hotspot\share\prims\jni.cpp, line 1111]
Event: 20.530 Thread 0x000001dbecdfc2e0 Exception <a 'java/lang/NoSuchMethodError'{0x00000000894179a8}: static Lcom/android/build/api/artifact/ArtifactKind;.<clinit>()V> (0x00000000894179a8) 
thrown [s\open\src\hotspot\share\prims\jni.cpp, line 1111]
Event: 20.531 Thread 0x000001dbecdfc2e0 Exception <a 'java/lang/NoSuchMethodError'{0x0000000089418bb0}: static Lcom/android/build/api/artifact/ArtifactKind;.<clinit>()V> (0x0000000089418bb0) 
thrown [s\open\src\hotspot\share\prims\jni.cpp, line 1111]
Event: 20.916 Thread 0x000001dbecdfc2e0 Exception <a 'java/lang/NoSuchMethodError'{0x000000008a9dc230}: 'int java.lang.invoke.DirectMethodHandle$Holder.invokeSpecial(java.lang.Object, java.lang.Object, java.lang.Object, java.lang.Object, java.lang.Object)'> (0x000000008a9dc230) 
thrown [s\open\src\hotspot\share\interpreter\linkResolver.cpp, line 774]
Event: 21.509 Thread 0x000001dbecdfc2e0 Exception <a 'java/lang/NoSuchMethodError'{0x000000008b3f7ec8}: method resolution failed> (0x000000008b3f7ec8) 
thrown [s\open\src\hotspot\share\prims\methodHandles.cpp, line 1146]
Event: 21.829 Thread 0x000001dbecdfc2e0 Exception <a 'java/lang/NoSuchMethodError'{0x0000000089f76bb8}: static Lorg/jetbrains/kotlin/incremental/ChangedFiles$Unknown;.<clinit>()V> (0x0000000089f76bb8) 
thrown [s\open\src\hotspot\share\prims\jni.cpp, line 1111]
Event: 21.830 Thread 0x000001dbecdfc2e0 Exception <a 'java/lang/NoSuchMethodError'{0x0000000089fa0cb8}: static Lorg/jetbrains/kotlin/incremental/ClasspathChanges$ClasspathSnapshotEnabled$NotAvailableForNonIncrementalRun;.<clinit>()V> (0x0000000089fa0cb8) 
thrown [s\open\src\hotspot\share\prims\jni.cpp, line 1111]
Event: 21.830 Thread 0x000001dbecdfc2e0 Exception <a 'java/lang/NoSuchMethodError'{0x0000000089fa2cb8}: static Lorg/jetbrains/kotlin/incremental/ClasspathChanges$ClasspathSnapshotEnabled;.<clinit>()V> (0x0000000089fa2cb8) 
thrown [s\open\src\hotspot\share\prims\jni.cpp, line 1111]
Event: 21.830 Thread 0x000001dbecdfc2e0 Exception <a 'java/lang/NoSuchMethodError'{0x0000000089fa4b08}: static Lorg/jetbrains/kotlin/incremental/ClasspathChanges;.<clinit>()V> (0x0000000089fa4b08) 
thrown [s\open\src\hotspot\share\prims\jni.cpp, line 1111]

ZGC Phase Switch (0 events):
No events

VM Operations (20 events):
Event: 20.524 Executing VM operation: ICBufferFull
Event: 20.524 Executing VM operation: ICBufferFull done
Event: 20.647 Executing VM operation: G1CollectForAllocation (G1 Evacuation Pause)
Event: 20.654 Executing VM operation: G1CollectForAllocation (G1 Evacuation Pause) done
Event: 20.766 Executing VM operation: G1PauseRemark
Event: 20.775 Executing VM operation: G1PauseRemark done
Event: 20.825 Executing VM operation: G1PauseCleanup
Event: 20.825 Executing VM operation: G1PauseCleanup done
Event: 20.913 Executing VM operation: HandshakeAllThreads (Deoptimize)
Event: 20.914 Executing VM operation: HandshakeAllThreads (Deoptimize) done
Event: 21.205 Executing VM operation: ICBufferFull
Event: 21.205 Executing VM operation: ICBufferFull done
Event: 21.208 Executing VM operation: G1CollectForAllocation (G1 Evacuation Pause)
Event: 21.214 Executing VM operation: G1CollectForAllocation (G1 Evacuation Pause) done
Event: 21.685 Executing VM operation: ICBufferFull
Event: 21.685 Executing VM operation: ICBufferFull done
Event: 21.699 Executing VM operation: HandshakeAllThreads (Deoptimize)
Event: 21.699 Executing VM operation: HandshakeAllThreads (Deoptimize) done
Event: 21.745 Executing VM operation: HandshakeAllThreads (Deoptimize)
Event: 21.745 Executing VM operation: HandshakeAllThreads (Deoptimize) done

Memory protections (0 events):
No events

Nmethod flushes (20 events):
Event: 20.774 Thread 0x000001dba09c9860 flushing  nmethod 0x000001db944bfc10
Event: 20.774 Thread 0x000001dba09c9860 flushing  nmethod 0x000001db944c5d90
Event: 20.774 Thread 0x000001dba09c9860 flushing  nmethod 0x000001db8c522690
Event: 20.774 Thread 0x000001dba09c9860 flushing  nmethod 0x000001db8c5d3f90
Event: 20.774 Thread 0x000001dba09c9860 flushing  nmethod 0x000001db8c61f310
Event: 20.774 Thread 0x000001dba09c9860 flushing  nmethod 0x000001db8c61f890
Event: 20.774 Thread 0x000001dba09c9860 flushing  nmethod 0x000001db8c61fc90
Event: 20.774 Thread 0x000001dba09c9860 flushing  nmethod 0x000001db8c819990
Event: 20.774 Thread 0x000001dba09c9860 flushing  nmethod 0x000001db8c876a10
Event: 20.774 Thread 0x000001dba09c9860 flushing  nmethod 0x000001db8cb42a10
Event: 20.774 Thread 0x000001dba09c9860 flushing  nmethod 0x000001db8cb45310
Event: 20.774 Thread 0x000001dba09c9860 flushing  nmethod 0x000001db8cc79390
Event: 20.774 Thread 0x000001dba09c9860 flushing  nmethod 0x000001db8cc90d90
Event: 20.774 Thread 0x000001dba09c9860 flushing  nmethod 0x000001db8cce3310
Event: 20.774 Thread 0x000001dba09c9860 flushing  nmethod 0x000001db8cd9cd90
Event: 20.774 Thread 0x000001dba09c9860 flushing  nmethod 0x000001db8d01b310
Event: 20.774 Thread 0x000001dba09c9860 flushing  nmethod 0x000001db8d056690
Event: 20.774 Thread 0x000001dba09c9860 flushing  nmethod 0x000001db8d0f0090
Event: 20.774 Thread 0x000001dba09c9860 flushing  nmethod 0x000001db8d41c210
Event: 20.774 Thread 0x000001dba09c9860 flushing  nmethod 0x000001db8d4d3510

Events (20 events):
Event: 20.640 Thread 0x000001dbecdfc2e0 Thread added: 0x000001dbead9a680
Event: 20.641 Thread 0x000001dbecdfc2e0 Thread added: 0x000001dbead936f0
Event: 20.643 Thread 0x000001dbecdfc2e0 Thread added: 0x000001dbead95130
Event: 20.643 Thread 0x000001dbecdfc2e0 Thread added: 0x000001dbead93d80
Event: 20.989 Thread 0x000001dbecdfc2e0 Thread added: 0x000001dbe8690790
Event: 20.989 Thread 0x000001dbecdfc2e0 Thread added: 0x000001dbe868d9a0
Event: 20.992 Thread 0x000001dbecdfc2e0 Thread added: 0x000001dbe8693580
Event: 20.992 Thread 0x000001dbecdfc2e0 Thread added: 0x000001dbe8690100
Event: 20.993 Thread 0x000001dbecdfc2e0 Thread added: 0x000001dbe8690e20
Event: 20.993 Thread 0x000001dbecdfc2e0 Thread added: 0x000001dbe86914b0
Event: 20.993 Thread 0x000001dbecdfc2e0 Thread added: 0x000001dbe8691b40
Event: 21.113 Thread 0x000001dbecdfc2e0 Thread added: 0x000001dbea507b40
Event: 21.113 Thread 0x000001dbecdfc2e0 Thread added: 0x000001dbea506790
Event: 21.114 Thread 0x000001dbecdfc2e0 Thread added: 0x000001dbea505a70
Event: 21.114 Thread 0x000001dbecdfc2e0 Thread added: 0x000001dbea5081d0
Event: 21.114 Thread 0x000001dbecdfc2e0 Thread added: 0x000001dbea506100
Event: 21.115 Thread 0x000001dbecdfc2e0 Thread added: 0x000001dbea508860
Event: 21.115 Thread 0x000001dbecdfc2e0 Thread added: 0x000001dbea5039a0
Event: 21.208 Thread 0x000001dbecdfc2e0 Thread added: 0x000001dbea506e20
Event: 21.839 Thread 0x000001dbecdfc2e0 Thread added: 0x000001dbea504d50


Dynamic libraries:
0x00007ff6417b0000 - 0x00007ff6417c0000 	C:\Program Files\Java\jdk-22\bin\java.exe
0x00007ffe7c1d0000 - 0x00007ffe7c3e7000 	C:\WINDOWS\SYSTEM32\ntdll.dll
0x00007ffe49340000 - 0x00007ffe4935a000 	C:\Program Files\Avast Software\Avast\aswhook.dll
0x00007ffe7a320000 - 0x00007ffe7a3e4000 	C:\WINDOWS\System32\KERNEL32.DLL
0x00007ffe79790000 - 0x00007ffe79b3d000 	C:\WINDOWS\System32\KERNELBASE.dll
0x00007ffe79670000 - 0x00007ffe79781000 	C:\WINDOWS\System32\ucrtbase.dll
0x00007ffe68f30000 - 0x00007ffe68f4b000 	C:\Program Files\Java\jdk-22\bin\VCRUNTIME140.dll
0x00007ffe685f0000 - 0x00007ffe68607000 	C:\Program Files\Java\jdk-22\bin\jli.dll
0x00007ffe7a110000 - 0x00007ffe7a2be000 	C:\WINDOWS\System32\USER32.dll
0x00007ffe79b40000 - 0x00007ffe79b66000 	C:\WINDOWS\System32\win32u.dll
0x00007ffe787a0000 - 0x00007ffe78a33000 	C:\WINDOWS\WinSxS\amd64_microsoft.windows.common-controls_6595b64144ccf1df_6.0.22621.3672_none_2713b9d173822955\COMCTL32.dll
0x00007ffe7a3f0000 - 0x00007ffe7a419000 	C:\WINDOWS\System32\GDI32.dll
0x00007ffe7ac20000 - 0x00007ffe7acc7000 	C:\WINDOWS\System32\msvcrt.dll
0x00007ffe79dc0000 - 0x00007ffe79ed9000 	C:\WINDOWS\System32\gdi32full.dll
0x00007ffe79d20000 - 0x00007ffe79dba000 	C:\WINDOWS\System32\msvcp_win.dll
0x00007ffe7a920000 - 0x00007ffe7a951000 	C:\WINDOWS\System32\IMM32.DLL
0x00007ffe747e0000 - 0x00007ffe747ec000 	C:\Program Files\Java\jdk-22\bin\vcruntime140_1.dll
0x00007ffe39130000 - 0x00007ffe391be000 	C:\Program Files\Java\jdk-22\bin\msvcp140.dll
0x00007ffde2ad0000 - 0x00007ffde3819000 	C:\Program Files\Java\jdk-22\bin\server\jvm.dll
0x00007ffe79fe0000 - 0x00007ffe7a092000 	C:\WINDOWS\System32\ADVAPI32.dll
0x00007ffe7af60000 - 0x00007ffe7b009000 	C:\WINDOWS\System32\sechost.dll
0x00007ffe79640000 - 0x00007ffe79668000 	C:\WINDOWS\System32\bcrypt.dll
0x00007ffe7a9f0000 - 0x00007ffe7ab04000 	C:\WINDOWS\System32\RPCRT4.dll
0x00007ffe7c030000 - 0x00007ffe7c0a1000 	C:\WINDOWS\System32\WS2_32.dll
0x00007ffe79390000 - 0x00007ffe793dd000 	C:\WINDOWS\SYSTEM32\POWRPROF.dll
0x00007ffe68e90000 - 0x00007ffe68e9a000 	C:\WINDOWS\SYSTEM32\VERSION.dll
0x00007ffe711e0000 - 0x00007ffe71214000 	C:\WINDOWS\SYSTEM32\WINMM.dll
0x00007ffe792c0000 - 0x00007ffe792d3000 	C:\WINDOWS\SYSTEM32\UMPDC.dll
0x00007ffe77c30000 - 0x00007ffe77c48000 	C:\WINDOWS\SYSTEM32\kernel.appcore.dll
0x00007ffe72660000 - 0x00007ffe7266a000 	C:\Program Files\Java\jdk-22\bin\jimage.dll
0x00007ffe78d40000 - 0x00007ffe78f72000 	C:\WINDOWS\SYSTEM32\DBGHELP.DLL
0x00007ffe7bbc0000 - 0x00007ffe7bf48000 	C:\WINDOWS\System32\combase.dll
0x00007ffe7bf50000 - 0x00007ffe7c027000 	C:\WINDOWS\System32\OLEAUT32.dll
0x00007ffe78c20000 - 0x00007ffe78c52000 	C:\WINDOWS\SYSTEM32\dbgcore.DLL
0x00007ffe79c30000 - 0x00007ffe79cab000 	C:\WINDOWS\System32\bcryptPrimitives.dll
0x00007ffe685e0000 - 0x00007ffe685ef000 	C:\Program Files\Java\jdk-22\bin\instrument.dll
0x00007ffe685c0000 - 0x00007ffe685de000 	C:\Program Files\Java\jdk-22\bin\java.dll
0x00007ffe7b020000 - 0x00007ffe7b87f000 	C:\WINDOWS\System32\SHELL32.dll
0x00007ffe7ad20000 - 0x00007ffe7aec5000 	C:\WINDOWS\System32\ole32.dll
0x00007ffe769e0000 - 0x00007ffe772dc000 	C:\WINDOWS\SYSTEM32\windows.storage.dll
0x00007ffe768a0000 - 0x00007ffe769df000 	C:\WINDOWS\SYSTEM32\wintypes.dll
0x00007ffe79ee0000 - 0x00007ffe79fd4000 	C:\WINDOWS\System32\SHCORE.dll
0x00007ffe7a2c0000 - 0x00007ffe7a31e000 	C:\WINDOWS\System32\shlwapi.dll
0x00007ffe79400000 - 0x00007ffe79421000 	C:\WINDOWS\SYSTEM32\profapi.dll
0x00007ffe236b0000 - 0x00007ffe23787000 	C:\Program Files\Java\jdk-22\bin\jsvml.dll
0x00007ffe66860000 - 0x00007ffe66877000 	C:\Program Files\Java\jdk-22\bin\zip.dll
0x00007ffe66960000 - 0x00007ffe66970000 	C:\Program Files\Java\jdk-22\bin\net.dll
0x00007ffe780c0000 - 0x00007ffe78129000 	C:\WINDOWS\system32\mswsock.dll
0x00007ffe66030000 - 0x00007ffe66046000 	C:\Program Files\Java\jdk-22\bin\nio.dll
0x00007ffe665a0000 - 0x00007ffe665b0000 	C:\Program Files\Java\jdk-22\bin\verify.dll
0x00007ffe57050000 - 0x00007ffe57077000 	C:\Users\ymytr\.gradle\native\c067742578af261105cb4f569cf0c3c89f3d7b1fecec35dd04571415982c5e48\windows-amd64\native-platform.dll
0x00007ffe23560000 - 0x00007ffe236a4000 	C:\Users\ymytr\.gradle\native\100fb08df4bc3b14c8652ba06237920a3bd2aa13389f12d3474272988ae205f9\windows-amd64\native-platform-file-events.dll
0x00007ffe65360000 - 0x00007ffe6536a000 	C:\Program Files\Java\jdk-22\bin\management.dll
0x00007ffe65350000 - 0x00007ffe6535b000 	C:\Program Files\Java\jdk-22\bin\management_ext.dll
0x00007ffe7b010000 - 0x00007ffe7b018000 	C:\WINDOWS\System32\PSAPI.DLL
0x00007ffe79070000 - 0x00007ffe7908b000 	C:\WINDOWS\SYSTEM32\CRYPTSP.dll
0x00007ffe77e50000 - 0x00007ffe77e85000 	C:\WINDOWS\system32\rsaenh.dll
0x00007ffe781c0000 - 0x00007ffe781e8000 	C:\WINDOWS\SYSTEM32\USERENV.dll
0x00007ffe78340000 - 0x00007ffe7834c000 	C:\WINDOWS\SYSTEM32\CRYPTBASE.dll
0x00007ffe77730000 - 0x00007ffe7775d000 	C:\WINDOWS\SYSTEM32\IPHLPAPI.DLL
0x00007ffe7a9e0000 - 0x00007ffe7a9e9000 	C:\WINDOWS\System32\NSI.dll
0x00007ffe65340000 - 0x00007ffe65349000 	C:\Program Files\Java\jdk-22\bin\extnet.dll
0x00007ffe65330000 - 0x00007ffe6533e000 	C:\Program Files\Java\jdk-22\bin\sunmscapi.dll
0x00007ffe794d0000 - 0x00007ffe79637000 	C:\WINDOWS\System32\CRYPT32.dll
0x00007ffe78680000 - 0x00007ffe786ae000 	C:\WINDOWS\SYSTEM32\ncrypt.dll
0x00007ffe78640000 - 0x00007ffe78677000 	C:\WINDOWS\SYSTEM32\NTASN1.dll
0x00007ffe72360000 - 0x00007ffe72368000 	C:\WINDOWS\system32\wshunix.dll
0x00007ffe77760000 - 0x00007ffe77858000 	C:\WINDOWS\SYSTEM32\DNSAPI.dll
0x00007ffe6ca30000 - 0x00007ffe6ca3a000 	C:\Windows\System32\rasadhlp.dll
0x00007ffe702d0000 - 0x00007ffe70353000 	C:\WINDOWS\System32\fwpuclnt.dll
0x00007ffe57ab0000 - 0x00007ffe57ac7000 	C:\WINDOWS\system32\napinsp.dll
0x00007ffe57a90000 - 0x00007ffe57aab000 	C:\WINDOWS\system32\pnrpnsp.dll
0x00007ffe57a70000 - 0x00007ffe57a81000 	C:\WINDOWS\System32\winrnr.dll
0x00007ffe71160000 - 0x00007ffe71175000 	C:\WINDOWS\system32\wshbth.dll
0x00007ffe57a40000 - 0x00007ffe57a67000 	C:\WINDOWS\system32\nlansp_c.dll

dbghelp: loaded successfully - version: 4.0.5 - missing functions: none
symbol engine: initialized successfully - sym options: 0x614 - pdb path: .;C:\Program Files\Java\jdk-22\bin;C:\WINDOWS\SYSTEM32;C:\Program Files\Avast Software\Avast;C:\WINDOWS\WinSxS\amd64_microsoft.windows.common-controls_6595b64144ccf1df_6.0.22621.3672_none_2713b9d173822955;C:\Program Files\Java\jdk-22\bin\server;C:\Users\ymytr\.gradle\native\c067742578af261105cb4f569cf0c3c89f3d7b1fecec35dd04571415982c5e48\windows-amd64;C:\Users\ymytr\.gradle\native\100fb08df4bc3b14c8652ba06237920a3bd2aa13389f12d3474272988ae205f9\windows-amd64

VM Arguments:
jvm_args: --add-opens=java.base/java.util=ALL-UNNAMED --add-opens=java.base/java.lang=ALL-UNNAMED --add-opens=java.base/java.lang.invoke=ALL-UNNAMED --add-opens=java.prefs/java.util.prefs=ALL-UNNAMED --add-opens=java.base/java.nio.charset=ALL-UNNAMED --add-opens=java.base/java.net=ALL-UNNAMED --add-opens=java.base/java.util.concurrent.atomic=ALL-UNNAMED -Xmx2048m -Dfile.encoding=UTF-8 -Duser.country=US -Duser.language=en -Duser.variant -javaagent:C:\Users\ymytr\.gradle\wrapper\dists\gradle-8.8-bin\dl7vupf4psengwqhwktix4v1\gradle-8.8\lib\agents\gradle-instrumentation-agent-8.8.jar 
java_command: org.gradle.launcher.daemon.bootstrap.GradleDaemon 8.8
java_class_path (initial): C:\Users\ymytr\.gradle\wrapper\dists\gradle-8.8-bin\dl7vupf4psengwqhwktix4v1\gradle-8.8\lib\gradle-launcher-8.8.jar
Launcher Type: SUN_STANDARD

[Global flags]
     intx CICompilerCount                          = 4                                         {product} {ergonomic}
     uint ConcGCThreads                            = 2                                         {product} {ergonomic}
     uint G1ConcRefinementThreads                  = 8                                         {product} {ergonomic}
   size_t G1HeapRegionSize                         = 1048576                                   {product} {ergonomic}
   size_t InitialHeapSize                          = 199229440                                 {product} {ergonomic}
   size_t MarkStackSize                            = 4194304                                   {product} {ergonomic}
   size_t MaxHeapSize                              = 2147483648                                {product} {command line}
   size_t MaxNewSize                               = 1287651328                                {product} {ergonomic}
   size_t MinHeapDeltaBytes                        = 1048576                                   {product} {ergonomic}
   size_t MinHeapSize                              = 8388608                                   {product} {ergonomic}
    uintx NonNMethodCodeHeapSize                   = 5839372                                {pd product} {ergonomic}
    uintx NonProfiledCodeHeapSize                  = 122909434                              {pd product} {ergonomic}
    uintx ProfiledCodeHeapSize                     = 122909434                              {pd product} {ergonomic}
    uintx ReservedCodeCacheSize                    = 251658240                              {pd product} {ergonomic}
     bool SegmentedCodeCache                       = true                                      {product} {ergonomic}
   size_t SoftMaxHeapSize                          = 2147483648                             {manageable} {ergonomic}
     bool UseCompressedOops                        = true                           {product lp64_product} {ergonomic}
     bool UseG1GC                                  = true                                      {product} {ergonomic}
     bool UseLargePagesIndividualAllocation        = false                                  {pd product} {ergonomic}

Logging:
Log output configuration:
 #0: stdout all=warning uptime,level,tags foldmultilines=false
 #1: stderr all=off uptime,level,tags foldmultilines=false

Environment Variables:
PATH=C:\Program Files (x86)\Common Files\Oracle\Java\java8path;C:\Program Files (x86)\Common Files\Oracle\Java\javapath;C:\Program Files (x86)\VMware\VMware Workstation\bin\;C:\WINDOWS\system32;C:\WINDOWS;C:\WINDOWS\System32\Wbem;C:\WINDOWS\System32\WindowsPowerShell\v1.0\;C:\WINDOWS\System32\OpenSSH\;C:\MinGW\bin;C:\Program Files\Git\cmd;C:\Program Files\Cloudflare\Cloudflare WARP\;C:\Program Files\nodejs\;C:\ProgramData\chocolatey\bin;C:\Program Files (x86)\Windows Kits\10\Windows Performance Toolkit\;C:\Program Files (x86)\Microsoft SQL Server\160\Tools\Binn\;C:\Program Files\Microsoft SQL Server\160\Tools\Binn\;C:\Program Files\Microsoft SQL Server\Client SDK\ODBC\170\Tools\Binn\;C:\Program Files\Microsoft SQL Server\160\DTS\Binn\;C:\Program Files (x86)\Microsoft SQL Server\160\DTS\Binn\;C:\Program Files\Azure Data Studio\bin;C:\Users\ymytr\AppData\Local\Microsoft\WindowsApps;D:\Microsoft VS Code\bin;C:\Program Files\Java\jdk-22\bin;C:\Users\ymytr\Downloads\gradle-8.9-bin\gradle-8.9\bin;C:\MinGW\bin;C:\Users\ymytr\AppData\Local\GitHubDesktop\bin;C:\ProgramData\ymytr\GitHubDesktop\bin;C:\Users\ymytr\AppData\Roaming\npm;C:\Users\ymytr\AppData\Local\Programs\Microsoft VS Code\bin;C:\Users\ymytr\Downloads\w64devkit-1.21.0\w64devkit;C:\Program Files\Azure Data Studio\bin;
USERNAME=ymytr
OS=Windows_NT
PROCESSOR_IDENTIFIER=Intel64 Family 6 Model 126 Stepping 5, GenuineIntel
TMP=C:\Users\ymytr\AppData\Local\Temp
TEMP=C:\Users\ymytr\AppData\Local\Temp




Periodic native trim disabled

---------------  S Y S T E M  ---------------

OS:
 Windows 11 , 64 bit Build 22621 (10.0.22621.3672)
OS uptime: 4 days 14:20 hours

CPU: total 8 (initial active 8) (4 cores per cpu, 2 threads per core) family 6 model 126 stepping 5 microcode 0xa0, cx8, cmov, fxsr, ht, mmx, 3dnowpref, sse, sse2, sse3, ssse3, sse4.1, sse4.2, popcnt, lzcnt, tsc, tscinvbit, avx, avx2, aes, erms, clmul, bmi1, bmi2, adx, avx512f, avx512dq, avx512cd, avx512bw, avx512vl, sha, fma, vzeroupper, avx512_vpopcntdq, avx512_vpclmulqdq, avx512_vaes, avx512_vnni, clflush, clflushopt, avx512_vbmi2, avx512_vbmi, rdtscp, rdpid, fsrm, gfni, avx512_bitalg, f16c, pku, avx512_ifma
Processor Information for all 8 processors :
  Max Mhz: 1501, Current Mhz: 1501, Mhz Limit: 1501

Memory: 4k page, system-wide physical 12093M (597M free)
TotalPageFile size 16189M (AvailPageFile size 8M)
current process WorkingSet (physical memory assigned to process): 505M, peak: 510M
current process commit charge ("private bytes"): 545M, peak: 552M

vm_info: Java HotSpot(TM) 64-Bit Server VM (22.0.2+9-70) for windows-amd64 JRE (22.0.2+9-70), built on 2024-06-04T16:52:23Z by "mach5one" with MS VC++ 17.6 (VS2022)

END.
