#
# There is insufficient memory for the Java Runtime Environment to continue.
# Native memory allocation (mmap) failed to map 199229440 bytes. Error detail: G1 virtual space
# Possible reasons:
#   The system is out of physical RAM or swap space
#   This process is running with CompressedOops enabled, and the Java Heap may be blocking the growth of the native heap
# Possible solutions:
#   Reduce memory load on the system
#   Increase physical memory or swap space
#   Check if swap backing store is full
#   Decrease Java heap size (-Xmx/-Xms)
#   Decrease number of Java threads
#   Decrease Java thread stack sizes (-Xss)
#   Set larger code cache with -XX:ReservedCodeCacheSize=
#   JVM is running with Zero Based Compressed Oops mode in which the Java heap is
#     placed in the first 32GB address space. The Java Heap base address is the
#     maximum limit for the native heap growth. Please use -XX:HeapBaseMinAddress
#     to set the Java Heap base and to place the Java Heap above 32GB virtual address.
# This output file may be truncated or incomplete.
#
#  Out of Memory Error (os_windows.cpp:3631), pid=25596, tid=11412
#
# JRE version:  (22.0.2+9) (build )
# Java VM: Java HotSpot(TM) 64-Bit Server VM (22.0.2+9-70, mixed mode, sharing, tiered, compressed oops, compressed class ptrs, g1 gc, windows-amd64)
# No core dump will be written. Minidumps are not enabled by default on client versions of Windows
#

---------------  S U M M A R Y ------------

Command Line: org.jetbrains.kotlin.cli.jvm.K2JVMCompiler @C:\Users\ymytr\OneDrive\VSCODE\TenderUS\client\app\build\20240812_13433238431609391885.compiler.options

Host: Intel(R) Core(TM) i7-1065G7 CPU @ 1.30GHz, 8 cores, 11G,  Windows 11 , 64 bit Build 22621 (10.0.22621.3672)
Time: Mon Aug 12 00:03:05 2024 SE Asia Standard Time elapsed time: 0.054557 seconds (0d 0h 0m 0s)

---------------  T H R E A D  ---------------

Current thread (0x00000227d034c690):  JavaThread "Unknown thread" [_thread_in_vm, id=11412, stack(0x000000fc27800000,0x000000fc27900000) (1024K)]

Stack: [0x000000fc27800000,0x000000fc27900000]
Native frames: (J=compiled Java code, j=interpreted, Vv=VM code, C=native code)
V  [jvm.dll+0x6e26e9]  (no source info available)
V  [jvm.dll+0x875753]  (no source info available)
V  [jvm.dll+0x877b7e]  (no source info available)
V  [jvm.dll+0x878253]  (no source info available)
V  [jvm.dll+0x27fc86]  (no source info available)
V  [jvm.dll+0x6ded85]  (no source info available)
V  [jvm.dll+0x6d388a]  (no source info available)
V  [jvm.dll+0x358b8a]  (no source info available)
V  [jvm.dll+0x3610b6]  (no source info available)
V  [jvm.dll+0x3b419e]  (no source info available)
V  [jvm.dll+0x3b4448]  (no source info available)
V  [jvm.dll+0x32c5ec]  (no source info available)
V  [jvm.dll+0x32d258]  (no source info available)
V  [jvm.dll+0x83d5ac]  (no source info available)
V  [jvm.dll+0x3c10d1]  (no source info available)
V  [jvm.dll+0x8264cc]  (no source info available)
V  [jvm.dll+0x45bd5e]  (no source info available)
V  [jvm.dll+0x45dbe1]  (no source info available)
C  [jli.dll+0x52a3]  (no source info available)
C  [ucrtbase.dll+0x29333]  (no source info available)
C  [KERNEL32.DLL+0x1257d]  (no source info available)
C  [ntdll.dll+0x5af28]  (no source info available)


---------------  P R O C E S S  ---------------

Threads class SMR info:
_java_thread_list=0x00007ffdc8a0c1c8, length=0, elements={
}

Java Threads: ( => current thread )
Total: 0

Other Threads:
  0x00000227d25f7f80 WorkerThread "GC Thread#0"                     [id=23208, stack(0x000000fc27900000,0x000000fc27a00000) (1024K)]
  0x00000227d2604c70 ConcurrentGCThread "G1 Main Marker"            [id=4276, stack(0x000000fc27a00000,0x000000fc27b00000) (1024K)]
  0x00000227d2605780 WorkerThread "G1 Conc#0"                       [id=11552, stack(0x000000fc27b00000,0x000000fc27c00000) (1024K)]

[error occurred during error reporting (printing all threads), id 0xc0000005, EXCEPTION_ACCESS_VIOLATION (0xc0000005) at pc=0x00007ffdc815f517]
VM state: not at safepoint (not fully initialized)

VM Mutex/Monitor currently owned by a thread:  ([mutex/lock_event])
[0x00007ffdc8a8cc80] Heap_lock - owner thread: 0x00000227d034c690

Heap address: 0x0000000743000000, size: 3024 MB, Compressed Oops mode: Zero based, Oop shift amount: 3

CDS archive(s) mapped at: [0x0000000000000000-0x0000000000000000-0x0000000000000000), size 0, SharedBaseAddress: 0x0000000800000000, ArchiveRelocationMode: 1.
Narrow klass base: 0x0000000000000000, Narrow klass shift: 0, Narrow klass range: 0x0

GC Precious Log:
 CardTable entry size: 512
 Card Set container configuration: InlinePtr #cards 4 size 8 Array Of Cards #cards 16 size 48 Howl #buckets 8 coarsen threshold 3686 Howl Bitmap #cards 512 size 80 coarsen threshold 460 Card regions per heap region 1 cards per card region 4096

Heap:
 garbage-first heap   total reserved 3096576K, committed 0K, used 0K [0x0000000743000000, 0x0000000800000000)
  region size 2048K, 0 young (0K), 0 survivors (0K)

[error occurred during error reporting (printing heap information), id 0xc0000005, EXCEPTION_ACCESS_VIOLATION (0xc0000005) at pc=0x00007ffdc855e869]
GC Heap History (0 events):
No events

Dll operation events (1 events):
Event: 0.030 Loaded shared library C:\Program Files\Java\jdk-22\bin\java.dll

Deoptimization events (0 events):
No events

Classes loaded (0 events):
No events

Classes unloaded (0 events):
No events

Classes redefined (0 events):
No events

Internal exceptions (0 events):
No events

ZGC Phase Switch (0 events):
No events

VM Operations (0 events):
No events

Memory protections (0 events):
No events

Nmethod flushes (0 events):
No events

Events (0 events):
No events


Dynamic libraries:
0x00007ff6e32d0000 - 0x00007ff6e32e0000 	C:\Program Files\Java\jdk-22\bin\java.exe
0x00007ffe7c1d0000 - 0x00007ffe7c3e7000 	C:\WINDOWS\SYSTEM32\ntdll.dll
0x00007ffe49340000 - 0x00007ffe4935a000 	C:\Program Files\Avast Software\Avast\aswhook.dll
0x00007ffe7a320000 - 0x00007ffe7a3e4000 	C:\WINDOWS\System32\KERNEL32.DLL
0x00007ffe79790000 - 0x00007ffe79b3d000 	C:\WINDOWS\System32\KERNELBASE.dll
0x00007ffe79670000 - 0x00007ffe79781000 	C:\WINDOWS\System32\ucrtbase.dll
0x00007ffe668e0000 - 0x00007ffe668f7000 	C:\Program Files\Java\jdk-22\bin\jli.dll
0x00007ffe7a110000 - 0x00007ffe7a2be000 	C:\WINDOWS\System32\USER32.dll
0x00007ffe79b40000 - 0x00007ffe79b66000 	C:\WINDOWS\System32\win32u.dll
0x00007ffe7a3f0000 - 0x00007ffe7a419000 	C:\WINDOWS\System32\GDI32.dll
0x00007ffe79dc0000 - 0x00007ffe79ed9000 	C:\WINDOWS\System32\gdi32full.dll
0x00007ffe79d20000 - 0x00007ffe79dba000 	C:\WINDOWS\System32\msvcp_win.dll
0x00007ffe668c0000 - 0x00007ffe668db000 	C:\Program Files\Java\jdk-22\bin\VCRUNTIME140.dll
0x00007ffe787a0000 - 0x00007ffe78a33000 	C:\WINDOWS\WinSxS\amd64_microsoft.windows.common-controls_6595b64144ccf1df_6.0.22621.3672_none_2713b9d173822955\COMCTL32.dll
0x00007ffe7ac20000 - 0x00007ffe7acc7000 	C:\WINDOWS\System32\msvcrt.dll
0x00007ffe7a920000 - 0x00007ffe7a951000 	C:\WINDOWS\System32\IMM32.DLL
0x00007ffe683f0000 - 0x00007ffe683fc000 	C:\Program Files\Java\jdk-22\bin\vcruntime140_1.dll
0x00007ffe292c0000 - 0x00007ffe2934e000 	C:\Program Files\Java\jdk-22\bin\msvcp140.dll
0x00007ffdc7e20000 - 0x00007ffdc8b69000 	C:\Program Files\Java\jdk-22\bin\server\jvm.dll
0x00007ffe79fe0000 - 0x00007ffe7a092000 	C:\WINDOWS\System32\ADVAPI32.dll
0x00007ffe7af60000 - 0x00007ffe7b009000 	C:\WINDOWS\System32\sechost.dll
0x00007ffe79640000 - 0x00007ffe79668000 	C:\WINDOWS\System32\bcrypt.dll
0x00007ffe7a9f0000 - 0x00007ffe7ab04000 	C:\WINDOWS\System32\RPCRT4.dll
0x00007ffe7c030000 - 0x00007ffe7c0a1000 	C:\WINDOWS\System32\WS2_32.dll
0x00007ffe79390000 - 0x00007ffe793dd000 	C:\WINDOWS\SYSTEM32\POWRPROF.dll
0x00007ffe711e0000 - 0x00007ffe71214000 	C:\WINDOWS\SYSTEM32\WINMM.dll
0x00007ffe68e90000 - 0x00007ffe68e9a000 	C:\WINDOWS\SYSTEM32\VERSION.dll
0x00007ffe792c0000 - 0x00007ffe792d3000 	C:\WINDOWS\SYSTEM32\UMPDC.dll
0x00007ffe77c30000 - 0x00007ffe77c48000 	C:\WINDOWS\SYSTEM32\kernel.appcore.dll
0x00007ffe66960000 - 0x00007ffe6696a000 	C:\Program Files\Java\jdk-22\bin\jimage.dll
0x00007ffe78d40000 - 0x00007ffe78f72000 	C:\WINDOWS\SYSTEM32\DBGHELP.DLL
0x00007ffe7bbc0000 - 0x00007ffe7bf48000 	C:\WINDOWS\System32\combase.dll
0x00007ffe7bf50000 - 0x00007ffe7c027000 	C:\WINDOWS\System32\OLEAUT32.dll
0x00007ffe78c20000 - 0x00007ffe78c52000 	C:\WINDOWS\SYSTEM32\dbgcore.DLL
0x00007ffe79c30000 - 0x00007ffe79cab000 	C:\WINDOWS\System32\bcryptPrimitives.dll
0x00007ffe5ae20000 - 0x00007ffe5ae3e000 	C:\Program Files\Java\jdk-22\bin\java.dll
0x00007ffe7b020000 - 0x00007ffe7b87f000 	C:\WINDOWS\System32\SHELL32.dll
0x00007ffe7ad20000 - 0x00007ffe7aec5000 	C:\WINDOWS\System32\ole32.dll

dbghelp: loaded successfully - version: 4.0.5 - missing functions: none
symbol engine: initialized successfully - sym options: 0x614 - pdb path: .;C:\Program Files\Java\jdk-22\bin;C:\WINDOWS\SYSTEM32;C:\Program Files\Avast Software\Avast;C:\WINDOWS\WinSxS\amd64_microsoft.windows.common-controls_6595b64144ccf1df_6.0.22621.3672_none_2713b9d173822955;C:\Program Files\Java\jdk-22\bin\server

VM Arguments:
java_command: org.jetbrains.kotlin.cli.jvm.K2JVMCompiler @C:\Users\ymytr\OneDrive\VSCODE\TenderUS\client\app\build\20240812_13433238431609391885.compiler.options
java_class_path (initial): C:\Users\ymytr\.gradle\caches\modules-2\files-2.1\org.jetbrains.kotlin\kotlin-compiler-embeddable\1.9.0\2c8c3a7402becca891f12739b3e9fd2dc2adbd7a\kotlin-compiler-embeddable-1.9.0.jar;C:\Users\ymytr\.gradle\caches\modules-2\files-2.1\org.jetbrains.kotlin\kotlin-stdlib\1.9.0\8ee15ef0c67dc83d874f412d84378d7f0eb50b63\kotlin-stdlib-1.9.0.jar;C:\Users\ymytr\.gradle\caches\modules-2\files-2.1\org.jetbrains.kotlin\kotlin-script-runtime\1.9.0\4b3102cbbb7e1b58d9d1adf89563f00069ffa7d1\kotlin-script-runtime-1.9.0.jar;C:\Users\ymytr\.gradle\caches\modules-2\files-2.1\org.jetbrains.kotlin\kotlin-reflect\1.6.10\1cbe9c92c12a94eea200d23c2bbaedaf3daf5132\kotlin-reflect-1.6.10.jar;C:\Users\ymytr\.gradle\caches\modules-2\files-2.1\org.jetbrains.kotlin\kotlin-daemon-embeddable\1.9.0\186543f5e28cf8d9a0290fecc2cf34301c40a65c\kotlin-daemon-embeddable-1.9.0.jar;C:\Users\ymytr\.gradle\caches\modules-2\files-2.1\org.jetbrains.intellij.deps\trove4j\1.0.20200330\3afb14d5f9ceb459d724e907a21145e8ff394f02\trove4j-1.0.20200330.jar;C:\Users\ymytr\.gradle\caches\modules-2\files-2.1\org.jetbrains.kotlin\kotlin-stdlib-common\1.9.0\cd65c21cfd1eec4d44ef09f9f52b6d9f8a720636\kotlin-stdlib-common-1.9.0.jar;C:\Users\ymytr\.gradle\caches\modules-2\files-2.1\org.jetbrains\annotations\13.0\919f0dfe192fb4e063e7dacadee7f8bb9a2672a9\annotations-13.0.jar
Launcher Type: SUN_STANDARD

[Global flags]
     intx CICompilerCount                          = 4                                         {product} {ergonomic}
     uint ConcGCThreads                            = 2                                         {product} {ergonomic}
     uint G1ConcRefinementThreads                  = 8                                         {product} {ergonomic}
   size_t G1HeapRegionSize                         = 2097152                                   {product} {ergonomic}
   size_t InitialHeapSize                          = 199229440                                 {product} {ergonomic}
   size_t MarkStackSize                            = 4194304                                   {product} {ergonomic}
   size_t MaxHeapSize                              = 3170893824                                {product} {ergonomic}
   size_t MinHeapDeltaBytes                        = 2097152                                   {product} {ergonomic}
   size_t MinHeapSize                              = 8388608                                   {product} {ergonomic}
    uintx NonNMethodCodeHeapSize                   = 5839372                                {pd product} {ergonomic}
    uintx NonProfiledCodeHeapSize                  = 122909434                              {pd product} {ergonomic}
    uintx ProfiledCodeHeapSize                     = 122909434                              {pd product} {ergonomic}
    uintx ReservedCodeCacheSize                    = 251658240                              {pd product} {ergonomic}
     bool SegmentedCodeCache                       = true                                      {product} {ergonomic}
   size_t SoftMaxHeapSize                          = 3170893824                             {manageable} {ergonomic}
     bool UseCompressedOops                        = true                           {product lp64_product} {ergonomic}
     bool UseG1GC                                  = true                                      {product} {ergonomic}
     bool UseLargePagesIndividualAllocation        = false                                  {pd product} {ergonomic}

Logging:
Log output configuration:
 #0: stdout all=warning uptime,level,tags foldmultilines=false
 #1: stderr all=off uptime,level,tags foldmultilines=false

Environment Variables:
PATH=C:\Program Files (x86)\Common Files\Oracle\Java\java8path;C:\Program Files (x86)\Common Files\Oracle\Java\javapath;C:\Program Files (x86)\VMware\VMware Workstation\bin\;C:\WINDOWS\system32;C:\WINDOWS;C:\WINDOWS\System32\Wbem;C:\WINDOWS\System32\WindowsPowerShell\v1.0\;C:\WINDOWS\System32\OpenSSH\;C:\MinGW\bin;C:\Program Files\Git\cmd;C:\Program Files\Cloudflare\Cloudflare WARP\;C:\Program Files\nodejs\;C:\ProgramData\chocolatey\bin;C:\Program Files (x86)\Windows Kits\10\Windows Performance Toolkit\;C:\Program Files (x86)\Microsoft SQL Server\160\Tools\Binn\;C:\Program Files\Microsoft SQL Server\160\Tools\Binn\;C:\Program Files\Microsoft SQL Server\Client SDK\ODBC\170\Tools\Binn\;C:\Program Files\Microsoft SQL Server\160\DTS\Binn\;C:\Program Files (x86)\Microsoft SQL Server\160\DTS\Binn\;C:\Program Files\Azure Data Studio\bin;C:\Users\ymytr\AppData\Local\Microsoft\WindowsApps;D:\Microsoft VS Code\bin;C:\Program Files\Java\jdk-22\bin;C:\Users\ymytr\Downloads\gradle-8.9-bin\gradle-8.9\bin;C:\MinGW\bin;C:\Users\ymytr\AppData\Local\GitHubDesktop\bin;C:\ProgramData\ymytr\GitHubDesktop\bin;C:\Users\ymytr\AppData\Roaming\npm;C:\Users\ymytr\AppData\Local\Programs\Microsoft VS Code\bin;C:\Users\ymytr\Downloads\w64devkit-1.21.0\w64devkit;C:\Program Files\Azure Data Studio\bin;
USERNAME=ymytr
OS=Windows_NT
PROCESSOR_IDENTIFIER=Intel64 Family 6 Model 126 Stepping 5, GenuineIntel
TMP=C:\Users\ymytr\AppData\Local\Temp
TEMP=C:\Users\ymytr\AppData\Local\Temp




Periodic native trim disabled

---------------  S Y S T E M  ---------------

OS:
 Windows 11 , 64 bit Build 22621 (10.0.22621.3672)
OS uptime: 4 days 13:16 hours

CPU: total 8 (initial active 8) (4 cores per cpu, 2 threads per core) family 6 model 126 stepping 5 microcode 0xa0, cx8, cmov, fxsr, ht, mmx, 3dnowpref, sse, sse2, sse3, ssse3, sse4.1, sse4.2, popcnt, lzcnt, tsc, tscinvbit, avx, avx2, aes, erms, clmul, bmi1, bmi2, adx, avx512f, avx512dq, avx512cd, avx512bw, avx512vl, sha, fma, vzeroupper, avx512_vpopcntdq, avx512_vpclmulqdq, avx512_vaes, avx512_vnni, clflush, clflushopt, avx512_vbmi2, avx512_vbmi, rdtscp, rdpid, fsrm, gfni, avx512_bitalg, f16c, pku, avx512_ifma
Processor Information for all 8 processors :
  Max Mhz: 1501, Current Mhz: 1501, Mhz Limit: 1501

Memory: 4k page, system-wide physical 12093M (381M free)
TotalPageFile size 16189M (AvailPageFile size 98M)
current process WorkingSet (physical memory assigned to process): 12M, peak: 12M
current process commit charge ("private bytes"): 60M, peak: 250M

vm_info: Java HotSpot(TM) 64-Bit Server VM (22.0.2+9-70) for windows-amd64 JRE (22.0.2+9-70), built on 2024-06-04T16:52:23Z by "mach5one" with MS VC++ 17.6 (VS2022)

END.
